{"meta": {"format": 3, "version": "7.13.0", "timestamp": "2025-12-10T20:44:08.582885", "branch_coverage": false, "show_contexts": false}, "files": {"parser.py": {"executed_lines": [1, 13, 14, 15, 16, 17, 20, 21, 22, 23, 24, 25, 26, 28, 29, 30, 31, 32, 33, 35, 42, 43, 44, 45, 54, 55, 56, 59, 60, 61, 62, 67, 68, 69, 70, 71, 77, 78, 79, 84, 99, 100, 101, 103, 104, 105, 106, 107, 108, 112, 113, 114, 122, 123, 124, 125, 126, 129, 132, 150, 157, 167, 168, 169, 170, 175, 176, 177, 178, 179, 180, 189, 193, 194, 195, 196, 197, 206, 214, 215, 216, 217, 221, 222, 223, 224, 225, 229, 233, 234, 235, 236, 237, 244, 249, 250, 251, 253, 265, 266, 267, 268, 269, 270, 271, 272, 274, 275, 276, 277, 278, 279, 280, 281, 282, 283, 293, 294, 297, 298, 306, 307, 309, 316, 317, 323, 325, 326, 333, 334, 335, 342, 356, 358, 359, 362, 374, 375, 380, 381, 382, 383, 384, 385, 386, 390, 391, 392, 393, 394, 395, 396, 400, 401, 402, 403, 430, 452, 472, 479, 485, 486, 491, 493, 503, 510, 527, 561, 585, 590, 591, 592, 593, 594, 595, 596, 597, 598, 602, 603, 608, 618, 633, 634, 651, 652, 653, 654, 655, 656, 660, 663, 664, 665, 666, 669, 670, 671, 672, 673, 674, 675, 676, 677, 678, 679, 680, 681, 682, 683, 684, 685, 686, 687, 689, 690, 691, 692, 696, 698, 701, 711, 712, 713, 714, 715, 717, 733, 748, 750, 753, 754, 755, 757, 763, 766, 774, 775, 777, 780, 781, 784, 787, 790, 791, 794, 797, 806, 808, 809, 810, 811, 812, 813, 814, 815, 816, 818, 819, 820, 822, 823, 825, 826, 827, 830, 835, 838, 839, 840, 843, 844, 845, 848, 861, 879, 899, 901, 902, 903, 906, 1040, 1073, 1090, 1099, 1104, 1105, 1107, 1108, 1110, 1111, 1114, 1128, 1129, 1130, 1131, 1133, 1136, 1139, 1140, 1141, 1142, 1143, 1144, 1146, 1158, 1159, 1160, 1161, 1163, 1164, 1165, 1166, 1167, 1168, 1169, 1172, 1173, 1174, 1175, 1178, 1180, 1181, 1182, 1186, 1187, 1192, 1200, 1202, 1209, 1211, 1217, 1229, 1230, 1231, 1234, 1236, 1244, 1245, 1246, 1247, 1248, 1249, 1250, 1253, 1254, 1255, 1257, 1258, 1259, 1260, 1261, 1265, 1267, 1268, 1270, 1272, 1273, 1276, 1282, 1283, 1284, 1285, 1288, 1289, 1290, 1291, 1292, 1293, 1294, 1295, 1296, 1303, 1305, 1310, 1311, 1312, 1314, 1315, 1317, 1322, 1325, 1326, 1327, 1328, 1330, 1337, 1338, 1339, 1340, 1341, 1344, 1345, 1347, 1348, 1349, 1355, 1357, 1358, 1359, 1360, 1361, 1362, 1363, 1368, 1369, 1374, 1375, 1377, 1378, 1379, 1380, 1381, 1384, 1385, 1386, 1387, 1394, 1396, 1397, 1398, 1399, 1400, 1404, 1405, 1406, 1407, 1408, 1409, 1410, 1411, 1414, 1416, 1417, 1418, 1420, 1421, 1422, 1423, 1424, 1426, 1430, 1432, 1438, 1441, 1446, 1447, 1448, 1449, 1450, 1451, 1454, 1455, 1456, 1457, 1458, 1461, 1462, 1463, 1464, 1469, 1517, 1518, 1519, 1520, 1524, 1525, 1526, 1527, 1528, 1529, 1531, 1532, 1533, 1534, 1535, 1539, 1541, 1542, 1543, 1545, 1546, 1548, 1549, 1550, 1551, 1552, 1553, 1554, 1556, 1557, 1558, 1559, 1560, 1561, 1562, 1563, 1566, 1567, 1568, 1569, 1570, 1571, 1573, 1577, 1579, 1581, 1583, 1589, 1590, 1591, 1592, 1593, 1594, 1595, 1596, 1599, 1602, 1603, 1605, 1606, 1607, 1608, 1609, 1610, 1613, 1614, 1619, 1622, 1623, 1627, 1632, 1633, 1634, 1637, 1642, 1657, 1659, 1660, 1661, 1662, 1665, 1674, 1684, 1688, 1689, 1691, 1702, 3081, 3083, 3084, 3085, 3086, 3093, 3094, 3095, 3096, 3097, 3098, 3099, 3112, 3113, 3114, 3121, 3125, 3126, 3127, 3128, 3150, 3445, 3446, 3448, 3449, 3455, 3457, 3459, 3460, 3461, 3462, 3463, 3466, 3473, 3474, 3476, 3478, 3479, 3481, 3482, 3484], "summary": {"covered_lines": 588, "num_statements": 1901, "percent_covered": 30.931088900578644, "percent_covered_display": "31", "missing_lines": 1313, "excluded_lines": 0, "percent_statements_covered": 30.931088900578644, "percent_statements_covered_display": "31"}, "missing_lines": [64, 74, 109, 110, 115, 116, 117, 118, 119, 127, 128, 181, 182, 183, 190, 191, 192, 198, 199, 200, 299, 300, 303, 310, 311, 328, 343, 351, 352, 353, 354, 357, 387, 388, 431, 432, 433, 434, 435, 436, 438, 439, 441, 442, 443, 444, 453, 454, 455, 456, 457, 458, 460, 461, 463, 464, 465, 466, 473, 474, 475, 480, 481, 482, 487, 488, 489, 492, 505, 506, 507, 520, 521, 523, 524, 532, 533, 534, 535, 536, 537, 539, 567, 568, 569, 570, 571, 572, 573, 574, 575, 576, 577, 578, 579, 581, 582, 599, 600, 604, 605, 619, 635, 637, 657, 658, 659, 693, 694, 735, 751, 758, 759, 761, 762, 792, 807, 849, 850, 851, 852, 853, 854, 855, 856, 857, 858, 865, 866, 867, 869, 870, 871, 872, 873, 875, 876, 882, 883, 884, 885, 886, 887, 888, 889, 890, 891, 892, 894, 895, 896, 908, 909, 910, 912, 913, 914, 915, 916, 917, 918, 919, 920, 922, 923, 924, 925, 926, 929, 931, 932, 933, 935, 936, 937, 939, 940, 941, 942, 943, 945, 946, 947, 948, 949, 951, 952, 953, 954, 956, 959, 960, 961, 962, 965, 976, 984, 985, 986, 987, 990, 991, 994, 995, 998, 999, 1000, 1001, 1004, 1005, 1008, 1009, 1012, 1013, 1018, 1019, 1020, 1022, 1047, 1048, 1056, 1057, 1058, 1059, 1061, 1062, 1063, 1064, 1065, 1067, 1068, 1069, 1070, 1075, 1076, 1077, 1078, 1079, 1080, 1081, 1082, 1083, 1084, 1085, 1087, 1100, 1117, 1122, 1123, 1124, 1125, 1126, 1127, 1189, 1190, 1191, 1194, 1195, 1196, 1197, 1212, 1213, 1214, 1223, 1224, 1225, 1237, 1238, 1239, 1240, 1297, 1298, 1299, 1300, 1323, 1342, 1343, 1351, 1352, 1364, 1365, 1425, 1433, 1434, 1435, 1575, 1584, 1585, 1586, 1685, 1686, 1687, 1710, 1712, 1714, 1715, 1716, 1717, 1718, 1721, 1722, 1723, 1724, 1725, 1726, 1727, 1728, 1729, 1731, 1732, 1733, 1734, 1737, 1741, 1746, 1747, 1750, 1751, 1752, 1753, 1756, 1757, 1758, 1759, 1760, 1762, 1763, 1764, 1765, 1766, 1767, 1768, 1771, 1772, 1774, 1775, 1776, 1779, 1780, 1781, 1782, 1784, 1785, 1786, 1787, 1788, 1789, 1790, 1792, 1793, 1796, 1797, 1801, 1803, 1804, 1805, 1808, 1809, 1810, 1812, 1813, 1814, 1815, 1816, 1819, 1820, 1821, 1823, 1825, 1826, 1827, 1828, 1829, 1830, 1832, 1833, 1834, 1835, 1836, 1837, 1838, 1841, 1842, 1843, 1853, 1854, 1855, 1857, 1858, 1859, 1860, 1861, 1862, 1865, 1866, 1867, 1868, 1869, 1870, 1871, 1872, 1873, 1874, 1875, 1877, 1878, 1879, 1880, 1883, 1884, 1885, 1886, 1887, 1889, 1894, 1895, 1896, 1897, 1899, 1901, 1903, 1911, 1912, 1913, 1914, 1917, 1919, 1927, 1928, 1930, 1931, 1933, 1934, 1936, 1938, 1939, 1945, 1946, 1950, 1951, 1952, 1954, 1955, 1956, 1957, 1958, 1962, 1965, 1966, 1967, 1969, 1971, 1972, 1973, 1974, 1975, 1976, 1977, 1979, 1980, 1981, 1982, 1983, 1984, 1987, 1988, 1989, 1990, 1991, 1992, 1995, 1996, 1998, 2000, 2007, 2008, 2009, 2010, 2015, 2016, 2018, 2022, 2023, 2025, 2026, 2027, 2028, 2029, 2033, 2034, 2035, 2038, 2039, 2040, 2041, 2042, 2043, 2044, 2045, 2046, 2047, 2048, 2049, 2051, 2052, 2054, 2055, 2056, 2057, 2058, 2059, 2060, 2061, 2062, 2070, 2071, 2072, 2074, 2077, 2078, 2079, 2080, 2081, 2082, 2083, 2085, 2086, 2087, 2088, 2089, 2090, 2095, 2096, 2097, 2098, 2099, 2100, 2101, 2102, 2103, 2106, 2107, 2108, 2109, 2110, 2113, 2114, 2115, 2116, 2117, 2121, 2123, 2127, 2128, 2129, 2130, 2131, 2133, 2134, 2135, 2137, 2138, 2140, 2143, 2144, 2145, 2146, 2147, 2150, 2151, 2152, 2153, 2154, 2155, 2156, 2159, 2161, 2162, 2163, 2164, 2165, 2166, 2167, 2168, 2169, 2172, 2173, 2178, 2179, 2180, 2181, 2182, 2183, 2184, 2187, 2189, 2191, 2192, 2193, 2194, 2195, 2196, 2197, 2198, 2199, 2202, 2203, 2208, 2209, 2211, 2212, 2213, 2214, 2215, 2216, 2219, 2220, 2221, 2222, 2223, 2224, 2225, 2228, 2229, 2230, 2231, 2237, 2238, 2239, 2240, 2241, 2242, 2243, 2244, 2245, 2247, 2248, 2249, 2250, 2251, 2252, 2253, 2254, 2255, 2256, 2260, 2262, 2263, 2264, 2265, 2267, 2268, 2269, 2270, 2271, 2274, 2279, 2280, 2281, 2282, 2283, 2285, 2286, 2291, 2292, 2293, 2294, 2295, 2298, 2299, 2300, 2301, 2302, 2303, 2304, 2305, 2306, 2309, 2310, 2311, 2312, 2313, 2316, 2317, 2320, 2321, 2322, 2323, 2324, 2326, 2327, 2328, 2329, 2330, 2331, 2333, 2336, 2337, 2338, 2339, 2340, 2341, 2342, 2350, 2351, 2352, 2353, 2354, 2356, 2358, 2359, 2360, 2361, 2362, 2365, 2367, 2368, 2376, 2377, 2378, 2379, 2380, 2381, 2382, 2383, 2384, 2386, 2387, 2388, 2389, 2390, 2391, 2397, 2398, 2400, 2401, 2402, 2403, 2406, 2408, 2409, 2410, 2411, 2415, 2416, 2418, 2419, 2420, 2422, 2423, 2426, 2428, 2430, 2431, 2432, 2433, 2434, 2436, 2439, 2440, 2442, 2444, 2445, 2446, 2447, 2450, 2451, 2452, 2453, 2460, 2461, 2462, 2463, 2464, 2465, 2466, 2468, 2469, 2470, 2471, 2472, 2473, 2474, 2477, 2478, 2479, 2481, 2482, 2483, 2484, 2485, 2486, 2487, 2488, 2490, 2492, 2493, 2494, 2496, 2497, 2500, 2501, 2502, 2503, 2504, 2505, 2508, 2509, 2511, 2512, 2513, 2514, 2517, 2518, 2519, 2520, 2521, 2522, 2523, 2524, 2527, 2528, 2529, 2533, 2541, 2542, 2547, 2548, 2549, 2550, 2551, 2552, 2554, 2556, 2557, 2559, 2560, 2562, 2565, 2566, 2567, 2568, 2569, 2570, 2573, 2574, 2575, 2578, 2580, 2581, 2582, 2583, 2584, 2586, 2587, 2588, 2589, 2590, 2591, 2592, 2593, 2594, 2595, 2596, 2597, 2598, 2599, 2600, 2601, 2602, 2604, 2605, 2606, 2607, 2608, 2610, 2611, 2612, 2613, 2615, 2623, 2624, 2630, 2631, 2635, 2636, 2639, 2640, 2641, 2642, 2643, 2644, 2645, 2646, 2647, 2648, 2660, 2661, 2662, 2665, 2670, 2671, 2672, 2673, 2674, 2675, 2676, 2688, 2689, 2690, 2693, 2694, 2695, 2701, 2702, 2703, 2704, 2705, 2706, 2707, 2719, 2720, 2721, 2724, 2725, 2726, 2727, 2728, 2729, 2732, 2733, 2736, 2737, 2738, 2739, 2743, 2744, 2745, 2746, 2747, 2748, 2749, 2754, 2755, 2756, 2757, 2758, 2759, 2767, 2783, 2802, 2803, 2804, 2807, 2808, 2809, 2810, 2814, 2817, 2818, 2819, 2820, 2821, 2823, 2824, 2825, 2827, 2828, 2831, 2832, 2833, 2834, 2835, 2836, 2839, 2840, 2841, 2842, 2844, 2846, 2847, 2848, 2849, 2850, 2853, 2854, 2856, 2858, 2859, 2860, 2864, 2865, 2883, 2884, 2886, 2887, 2888, 2889, 2890, 2891, 2892, 2893, 2894, 2895, 2896, 2897, 2898, 2899, 2900, 2901, 2902, 2903, 2904, 2905, 2906, 2907, 2909, 2910, 2911, 2912, 2913, 2916, 2917, 2918, 2920, 2921, 2922, 2923, 2924, 2925, 2926, 2927, 2928, 2929, 2930, 2931, 2932, 2933, 2934, 2935, 2936, 2937, 2938, 2943, 2944, 2945, 2947, 2948, 2949, 2950, 2951, 2952, 2953, 2955, 2971, 2972, 2974, 2975, 2976, 2977, 2978, 2980, 2981, 2982, 2983, 2984, 2986, 2987, 2988, 2989, 2990, 2991, 2992, 2993, 2996, 2997, 2998, 2999, 3004, 3023, 3024, 3034, 3035, 3037, 3038, 3039, 3040, 3041, 3042, 3043, 3044, 3045, 3046, 3047, 3048, 3049, 3050, 3052, 3056, 3057, 3058, 3059, 3060, 3061, 3063, 3064, 3065, 3066, 3067, 3068, 3069, 3070, 3071, 3073, 3075, 3076, 3078, 3087, 3088, 3089, 3090, 3091, 3092, 3101, 3102, 3103, 3104, 3105, 3106, 3107, 3116, 3117, 3118, 3129, 3130, 3132, 3133, 3134, 3135, 3136, 3137, 3138, 3139, 3140, 3141, 3142, 3143, 3145, 3146, 3147, 3160, 3161, 3162, 3165, 3167, 3169, 3171, 3174, 3175, 3176, 3177, 3180, 3181, 3182, 3188, 3189, 3190, 3191, 3192, 3193, 3196, 3197, 3198, 3199, 3202, 3203, 3204, 3207, 3208, 3210, 3211, 3212, 3213, 3216, 3217, 3219, 3220, 3221, 3222, 3224, 3225, 3227, 3228, 3229, 3230, 3232, 3233, 3234, 3235, 3236, 3237, 3240, 3241, 3242, 3243, 3244, 3245, 3246, 3247, 3251, 3252, 3254, 3272, 3273, 3274, 3275, 3276, 3277, 3278, 3280, 3281, 3282, 3283, 3286, 3287, 3290, 3291, 3292, 3293, 3294, 3295, 3298, 3299, 3304, 3305, 3308, 3309, 3310, 3311, 3312, 3313, 3314, 3320, 3326, 3327, 3330, 3338, 3339, 3340, 3341, 3342, 3345, 3346, 3347, 3348, 3349, 3350, 3351, 3352, 3356, 3357, 3358, 3359, 3360, 3361, 3363, 3364, 3365, 3366, 3367, 3368, 3371, 3372, 3373, 3374, 3375, 3377, 3378, 3379, 3382, 3383, 3384, 3393, 3394, 3395, 3396, 3398, 3399, 3400, 3401, 3402, 3403, 3404, 3405, 3408, 3410, 3411, 3413, 3429, 3432, 3434, 3435, 3437, 3439, 3440, 3441, 3442, 3447, 3450, 3451, 3458, 3475, 3483], "excluded_lines": [], "functions": {"rule_label": {"executed_lines": [157, 167, 168, 169, 170, 175, 176, 177, 178, 179, 180, 189, 193, 194, 195, 196, 197, 206, 214, 215, 216, 217, 221, 222, 223, 224, 225, 229, 233, 234, 235, 236, 237, 244, 249, 250, 251, 253, 265, 266, 267, 268, 269, 270, 271, 272, 274, 275, 276, 277, 278, 279, 280, 281, 282, 283, 293, 294, 297, 298, 306, 307, 309, 316, 317, 323, 325, 326, 333, 334, 335, 342, 356, 358, 359], "summary": {"covered_lines": 75, "num_statements": 96, "percent_covered": 78.125, "percent_covered_display": "78", "missing_lines": 21, "excluded_lines": 0, "percent_statements_covered": 78.125, "percent_statements_covered_display": "78"}, "missing_lines": [181, 182, 183, 190, 191, 192, 198, 199, 200, 299, 300, 303, 310, 311, 328, 343, 351, 352, 353, 354, 357], "excluded_lines": []}, "predict_with_fallback": {"executed_lines": [374, 375, 380, 381, 382, 383, 384, 385, 386, 390, 391, 392, 393, 394, 395, 396, 400, 401, 402, 403, 430, 452, 472, 479, 485, 486, 491, 493], "summary": {"covered_lines": 28, "num_statements": 64, "percent_covered": 43.75, "percent_covered_display": "44", "missing_lines": 36, "excluded_lines": 0, "percent_statements_covered": 43.75, "percent_statements_covered_display": "44"}, "missing_lines": [387, 388, 431, 432, 433, 434, 435, 436, 438, 439, 441, 442, 443, 444, 453, 454, 455, 456, 457, 458, 460, 461, 463, 464, 465, 466, 473, 474, 475, 480, 481, 482, 487, 488, 489, 492], "excluded_lines": []}, "get_stats": {"executed_lines": [], "summary": {"covered_lines": 0, "num_statements": 3, "percent_covered": 0.0, "percent_covered_display": "0", "missing_lines": 3, "excluded_lines": 0, "percent_statements_covered": 0.0, "percent_statements_covered_display": "0"}, "missing_lines": [505, 506, 507], "excluded_lines": []}, "is_application_related": {"executed_lines": [], "summary": {"covered_lines": 0, "num_statements": 4, "percent_covered": 0.0, "percent_covered_display": "0", "missing_lines": 4, "excluded_lines": 0, "percent_statements_covered": 0.0, "percent_statements_covered_display": "0"}, "missing_lines": [520, 521, 523, 524], "excluded_lines": []}, "decode_part": {"executed_lines": [], "summary": {"covered_lines": 0, "num_statements": 7, "percent_covered": 0.0, "percent_covered_display": "0", "missing_lines": 7, "excluded_lines": 0, "percent_statements_covered": 0.0, "percent_statements_covered_display": "0"}, "missing_lines": [532, 533, 534, 535, 536, 537, 539], "excluded_lines": []}, "extract_body_from_parts": {"executed_lines": [], "summary": {"covered_lines": 0, "num_statements": 15, "percent_covered": 0.0, "percent_covered_display": "0", "missing_lines": 15, "excluded_lines": 0, "percent_statements_covered": 0.0, "percent_statements_covered_display": "0"}, "missing_lines": [567, 568, 569, 570, 571, 572, 573, 574, 575, 576, 577, 578, 579, 581, 582], "excluded_lines": []}, "_decode_header_value": {"executed_lines": [590, 591, 592, 593, 594, 595, 596, 597, 598, 602, 603], "summary": {"covered_lines": 11, "num_statements": 15, "percent_covered": 73.33333333333333, "percent_covered_display": "73", "missing_lines": 4, "excluded_lines": 0, "percent_statements_covered": 73.33333333333333, "percent_statements_covered_display": "73"}, "missing_lines": [599, 600, 604, 605], "excluded_lines": []}, "parse_raw_message": {"executed_lines": [618, 633, 634, 651, 652, 653, 654, 655, 656, 660, 663, 664, 665, 666, 669, 670, 671, 672, 673, 674, 675, 676, 677, 678, 679, 680, 681, 682, 683, 684, 685, 686, 687, 689, 690, 691, 692, 696, 698, 701, 711, 712, 713, 714, 715, 717], "summary": {"covered_lines": 46, "num_statements": 54, "percent_covered": 85.18518518518519, "percent_covered_display": "85", "missing_lines": 8, "excluded_lines": 0, "percent_statements_covered": 85.18518518518519, "percent_statements_covered_display": "85"}, "missing_lines": [619, 635, 637, 657, 658, 659, 693, 694], "excluded_lines": []}, "log_ignored_message": {"executed_lines": [], "summary": {"covered_lines": 0, "num_statements": 1, "percent_covered": 0.0, "percent_covered_display": "0", "missing_lines": 1, "excluded_lines": 0, "percent_statements_covered": 0.0, "percent_statements_covered_display": "0"}, "missing_lines": [735], "excluded_lines": []}, "is_valid_company_name": {"executed_lines": [750, 753, 754, 755, 757, 763], "summary": {"covered_lines": 6, "num_statements": 11, "percent_covered": 54.54545454545455, "percent_covered_display": "55", "missing_lines": 5, "excluded_lines": 0, "percent_statements_covered": 54.54545454545455, "percent_statements_covered_display": "55"}, "missing_lines": [751, 758, 759, 761, 762], "excluded_lines": []}, "normalize_company_name": {"executed_lines": [774, 775, 777, 780, 781, 784, 787, 790, 791, 794], "summary": {"covered_lines": 10, "num_statements": 11, "percent_covered": 90.9090909090909, "percent_covered_display": "91", "missing_lines": 1, "excluded_lines": 0, "percent_statements_covered": 90.9090909090909, "percent_statements_covered_display": "91"}, "missing_lines": [792], "excluded_lines": []}, "looks_like_person": {"executed_lines": [806, 808, 809, 810, 811, 812, 813, 814, 815, 816, 818, 819, 820, 822, 823, 825, 826, 827], "summary": {"covered_lines": 18, "num_statements": 19, "percent_covered": 94.73684210526316, "percent_covered_display": "95", "missing_lines": 1, "excluded_lines": 0, "percent_statements_covered": 94.73684210526316, "percent_statements_covered_display": "95"}, "missing_lines": [807], "excluded_lines": []}, "is_correlated_message": {"executed_lines": [], "summary": {"covered_lines": 0, "num_statements": 10, "percent_covered": 0.0, "percent_covered_display": "0", "missing_lines": 10, "excluded_lines": 0, "percent_statements_covered": 0.0, "percent_statements_covered_display": "0"}, "missing_lines": [865, 866, 867, 869, 870, 871, 872, 873, 875, 876], "excluded_lines": []}, "predict_company": {"executed_lines": [], "summary": {"covered_lines": 0, "num_statements": 14, "percent_covered": 0.0, "percent_covered_display": "0", "missing_lines": 14, "excluded_lines": 0, "percent_statements_covered": 0.0, "percent_statements_covered_display": "0"}, "missing_lines": [882, 883, 884, 885, 886, 887, 888, 889, 890, 891, 892, 894, 895, 896], "excluded_lines": []}, "should_ignore": {"executed_lines": [901, 902, 903], "summary": {"covered_lines": 3, "num_statements": 3, "percent_covered": 100.0, "percent_covered_display": "100", "missing_lines": 0, "excluded_lines": 0, "percent_statements_covered": 100.0, "percent_statements_covered_display": "100"}, "missing_lines": [], "excluded_lines": []}, "extract_metadata": {"executed_lines": [], "summary": {"covered_lines": 0, "num_statements": 67, "percent_covered": 0.0, "percent_covered_display": "0", "missing_lines": 67, "excluded_lines": 0, "percent_statements_covered": 0.0, "percent_statements_covered_display": "0"}, "missing_lines": [908, 909, 910, 912, 913, 914, 915, 916, 917, 918, 919, 920, 922, 923, 924, 925, 926, 929, 931, 932, 933, 935, 936, 937, 939, 940, 941, 942, 943, 945, 946, 947, 948, 949, 951, 952, 953, 954, 956, 959, 960, 961, 962, 965, 976, 984, 985, 986, 987, 990, 991, 994, 995, 998, 999, 1000, 1001, 1004, 1005, 1008, 1009, 1012, 1013, 1018, 1019, 1020, 1022], "excluded_lines": []}, "extract_status_dates": {"executed_lines": [], "summary": {"covered_lines": 0, "num_statements": 15, "percent_covered": 0.0, "percent_covered_display": "0", "missing_lines": 15, "excluded_lines": 0, "percent_statements_covered": 0.0, "percent_statements_covered_display": "0"}, "missing_lines": [1047, 1048, 1056, 1057, 1058, 1059, 1061, 1062, 1063, 1064, 1065, 1067, 1068, 1069, 1070], "excluded_lines": []}, "classify_message": {"executed_lines": [], "summary": {"covered_lines": 0, "num_statements": 12, "percent_covered": 0.0, "percent_covered_display": "0", "missing_lines": 12, "excluded_lines": 0, "percent_statements_covered": 0.0, "percent_statements_covered_display": "0"}, "missing_lines": [1075, 1076, 1077, 1078, 1079, 1080, 1081, 1082, 1083, 1084, 1085, 1087], "excluded_lines": []}, "extract_organizer_from_icalendar": {"executed_lines": [1099, 1104, 1105, 1107, 1108, 1110, 1111, 1114, 1128, 1129, 1130, 1131, 1133], "summary": {"covered_lines": 13, "num_statements": 21, "percent_covered": 61.904761904761905, "percent_covered_display": "62", "missing_lines": 8, "excluded_lines": 0, "percent_statements_covered": 61.904761904761905, "percent_statements_covered_display": "62"}, "missing_lines": [1100, 1117, 1122, 1123, 1124, 1125, 1126, 1127], "excluded_lines": []}, "parse_subject": {"executed_lines": [1139, 1140, 1141, 1142, 1143, 1144, 1146, 1158, 1159, 1160, 1161, 1163, 1164, 1165, 1166, 1167, 1168, 1169, 1172, 1173, 1174, 1175, 1178, 1180, 1181, 1182, 1186, 1187, 1192, 1200, 1202, 1209, 1211, 1217, 1229, 1230, 1231, 1234, 1236, 1244, 1245, 1246, 1247, 1248, 1249, 1250, 1253, 1254, 1255, 1257, 1258, 1259, 1260, 1261, 1265, 1267, 1268, 1270, 1272, 1273, 1276, 1282, 1283, 1284, 1285, 1288, 1289, 1290, 1291, 1292, 1293, 1294, 1295, 1296, 1303, 1305, 1310, 1311, 1312, 1314, 1315, 1317, 1322, 1325, 1326, 1327, 1328, 1330, 1337, 1338, 1339, 1340, 1341, 1344, 1345, 1347, 1348, 1349, 1355, 1357, 1358, 1359, 1360, 1361, 1362, 1363, 1368, 1369, 1374, 1375, 1377, 1378, 1379, 1380, 1381, 1384, 1385, 1386, 1387, 1394, 1396, 1397, 1398, 1399, 1400, 1404, 1405, 1406, 1407, 1408, 1409, 1410, 1411, 1414, 1416, 1417, 1418, 1420, 1421, 1422, 1423, 1424, 1426, 1430, 1432, 1438, 1441, 1446, 1447, 1448, 1449, 1450, 1451, 1454, 1455, 1456, 1457, 1458, 1461, 1462, 1463, 1464, 1469, 1517, 1518, 1519, 1520, 1524, 1525, 1526, 1527, 1528, 1529, 1531, 1532, 1533, 1534, 1535, 1539, 1541, 1542, 1543, 1545, 1546, 1548, 1549, 1550, 1551, 1552, 1553, 1554, 1556, 1557, 1558, 1559, 1560, 1561, 1562, 1563, 1566, 1567, 1568, 1569, 1570, 1571, 1573, 1577, 1579, 1581, 1583, 1589, 1590, 1591, 1592, 1593, 1594, 1595, 1596, 1599, 1602, 1603, 1605, 1606, 1607, 1608, 1609, 1610, 1613, 1614, 1619, 1622, 1623, 1627, 1632, 1633, 1634, 1637, 1642, 1657, 1659, 1660, 1661, 1662, 1665, 1674, 1684, 1688, 1689, 1691], "summary": {"covered_lines": 249, "num_statements": 288, "percent_covered": 86.45833333333333, "percent_covered_display": "86", "missing_lines": 39, "excluded_lines": 0, "percent_statements_covered": 86.45833333333333, "percent_statements_covered_display": "86"}, "missing_lines": [1189, 1190, 1191, 1194, 1195, 1196, 1197, 1212, 1213, 1214, 1223, 1224, 1225, 1237, 1238, 1239, 1240, 1297, 1298, 1299, 1300, 1323, 1342, 1343, 1351, 1352, 1364, 1365, 1425, 1433, 1434, 1435, 1575, 1584, 1585, 1586, 1685, 1686, 1687], "excluded_lines": []}, "ingest_message": {"executed_lines": [], "summary": {"covered_lines": 0, "num_statements": 820, "percent_covered": 0.0, "percent_covered_display": "0", "missing_lines": 820, "excluded_lines": 0, "percent_statements_covered": 0.0, "percent_statements_covered_display": "0"}, "missing_lines": [1710, 1712, 1714, 1715, 1716, 1717, 1718, 1721, 1722, 1723, 1724, 1725, 1726, 1727, 1728, 1729, 1731, 1732, 1733, 1734, 1737, 1741, 1746, 1747, 1750, 1751, 1752, 1753, 1756, 1757, 1758, 1759, 1760, 1762, 1763, 1764, 1765, 1766, 1767, 1768, 1771, 1772, 1774, 1775, 1776, 1779, 1780, 1781, 1782, 1784, 1785, 1786, 1787, 1788, 1789, 1790, 1792, 1793, 1796, 1797, 1801, 1803, 1804, 1805, 1808, 1809, 1810, 1812, 1813, 1814, 1815, 1816, 1819, 1820, 1821, 1823, 1825, 1826, 1827, 1828, 1829, 1830, 1832, 1833, 1834, 1835, 1836, 1837, 1838, 1841, 1842, 1843, 1853, 1854, 1855, 1857, 1858, 1859, 1860, 1861, 1862, 1865, 1866, 1867, 1868, 1869, 1870, 1871, 1872, 1873, 1874, 1875, 1877, 1878, 1879, 1880, 1883, 1884, 1885, 1886, 1887, 1889, 1894, 1895, 1896, 1897, 1899, 1901, 1903, 1919, 1927, 1928, 1930, 1931, 1933, 1934, 1936, 1938, 1939, 1945, 1946, 1950, 1951, 1952, 1954, 1955, 1956, 1957, 1958, 1962, 1965, 1966, 1967, 1969, 1971, 1972, 1973, 1974, 1975, 1976, 1977, 1979, 1980, 1981, 1982, 1983, 1984, 1987, 1988, 1989, 1990, 1991, 1992, 1995, 1996, 1998, 2000, 2007, 2008, 2009, 2010, 2015, 2016, 2018, 2022, 2023, 2025, 2026, 2027, 2028, 2029, 2033, 2034, 2035, 2038, 2039, 2040, 2041, 2042, 2043, 2044, 2045, 2046, 2047, 2048, 2049, 2051, 2052, 2054, 2055, 2056, 2057, 2058, 2059, 2060, 2061, 2062, 2070, 2071, 2072, 2074, 2077, 2078, 2079, 2080, 2081, 2082, 2083, 2085, 2086, 2087, 2088, 2089, 2090, 2095, 2096, 2097, 2098, 2099, 2100, 2101, 2102, 2103, 2106, 2107, 2108, 2109, 2110, 2113, 2114, 2115, 2116, 2117, 2121, 2123, 2127, 2128, 2129, 2130, 2131, 2133, 2134, 2135, 2137, 2138, 2140, 2143, 2144, 2145, 2146, 2147, 2150, 2151, 2152, 2153, 2154, 2155, 2156, 2159, 2161, 2162, 2163, 2164, 2165, 2166, 2167, 2168, 2169, 2172, 2173, 2178, 2179, 2180, 2181, 2182, 2183, 2184, 2187, 2189, 2191, 2192, 2193, 2194, 2195, 2196, 2197, 2198, 2199, 2202, 2203, 2208, 2209, 2211, 2212, 2213, 2214, 2215, 2216, 2219, 2220, 2221, 2222, 2223, 2224, 2225, 2228, 2229, 2230, 2231, 2237, 2238, 2239, 2240, 2241, 2242, 2243, 2244, 2245, 2247, 2248, 2249, 2250, 2251, 2252, 2253, 2254, 2255, 2256, 2260, 2262, 2263, 2264, 2265, 2267, 2268, 2269, 2270, 2271, 2274, 2279, 2280, 2281, 2282, 2283, 2285, 2286, 2291, 2292, 2293, 2294, 2295, 2298, 2299, 2300, 2301, 2302, 2303, 2304, 2305, 2306, 2309, 2310, 2311, 2312, 2313, 2316, 2317, 2320, 2321, 2322, 2323, 2324, 2326, 2327, 2328, 2329, 2330, 2331, 2333, 2336, 2337, 2338, 2339, 2340, 2341, 2342, 2350, 2351, 2352, 2353, 2354, 2356, 2358, 2359, 2360, 2361, 2362, 2365, 2367, 2368, 2376, 2377, 2378, 2379, 2380, 2381, 2382, 2383, 2384, 2386, 2387, 2388, 2389, 2390, 2391, 2397, 2398, 2400, 2401, 2402, 2403, 2406, 2408, 2409, 2410, 2411, 2415, 2416, 2418, 2419, 2420, 2422, 2423, 2426, 2428, 2430, 2431, 2432, 2433, 2434, 2436, 2439, 2440, 2442, 2444, 2445, 2446, 2447, 2450, 2451, 2452, 2453, 2460, 2461, 2462, 2463, 2464, 2465, 2466, 2468, 2469, 2470, 2471, 2472, 2473, 2474, 2477, 2478, 2479, 2481, 2482, 2483, 2484, 2485, 2486, 2487, 2488, 2490, 2492, 2493, 2494, 2496, 2497, 2500, 2501, 2502, 2503, 2504, 2505, 2508, 2509, 2511, 2512, 2513, 2514, 2517, 2518, 2519, 2520, 2521, 2522, 2523, 2524, 2527, 2528, 2529, 2533, 2541, 2542, 2547, 2548, 2549, 2550, 2551, 2552, 2554, 2556, 2557, 2559, 2560, 2562, 2565, 2566, 2567, 2568, 2569, 2570, 2573, 2574, 2575, 2578, 2580, 2581, 2582, 2583, 2584, 2586, 2587, 2588, 2589, 2590, 2591, 2592, 2593, 2594, 2595, 2596, 2597, 2598, 2599, 2600, 2601, 2602, 2604, 2605, 2606, 2607, 2608, 2610, 2611, 2612, 2613, 2615, 2623, 2624, 2630, 2631, 2635, 2636, 2639, 2640, 2641, 2642, 2643, 2644, 2645, 2646, 2647, 2648, 2660, 2661, 2662, 2665, 2670, 2671, 2672, 2673, 2674, 2675, 2676, 2688, 2689, 2690, 2693, 2694, 2695, 2701, 2702, 2703, 2704, 2705, 2706, 2707, 2719, 2720, 2721, 2724, 2725, 2726, 2727, 2728, 2729, 2732, 2733, 2736, 2737, 2738, 2739, 2743, 2744, 2745, 2746, 2747, 2748, 2749, 2754, 2755, 2756, 2757, 2758, 2759, 2767, 2783, 2802, 2803, 2804, 2807, 2808, 2809, 2810, 2814, 2817, 2818, 2819, 2820, 2821, 2823, 2824, 2825, 2827, 2828, 2831, 2832, 2833, 2834, 2835, 2836, 2839, 2840, 2841, 2842, 2844, 2846, 2847, 2848, 2849, 2850, 2853, 2854, 2856, 2858, 2859, 2860, 2864, 2865, 2883, 2884, 2886, 2887, 2888, 2889, 2890, 2891, 2892, 2893, 2894, 2895, 2896, 2897, 2898, 2899, 2900, 2901, 2902, 2903, 2904, 2905, 2906, 2907, 2909, 2910, 2911, 2912, 2913, 2916, 2917, 2918, 2920, 2921, 2922, 2923, 2924, 2925, 2926, 2927, 2928, 2929, 2930, 2931, 2932, 2933, 2934, 2935, 2936, 2937, 2938, 2943, 2944, 2945, 2947, 2948, 2949, 2950, 2951, 2952, 2953, 2955, 2971, 2972, 2974, 2975, 2976, 2977, 2978, 2980, 2981, 2982, 2983, 2984, 2986, 2987, 2988, 2989, 2990, 2991, 2992, 2993, 2996, 2997, 2998, 2999, 3004, 3023, 3024, 3034, 3035, 3037, 3038, 3039, 3040, 3041, 3042, 3043, 3044, 3045, 3046, 3047, 3048, 3049, 3050, 3052, 3056, 3057, 3058, 3059, 3060, 3061, 3063, 3064, 3065, 3066, 3067, 3068, 3069, 3070, 3071, 3073, 3075, 3076, 3078], "excluded_lines": []}, "ingest_message.to_date": {"executed_lines": [], "summary": {"covered_lines": 0, "num_statements": 5, "percent_covered": 0.0, "percent_covered_display": "0", "missing_lines": 5, "excluded_lines": 0, "percent_statements_covered": 0.0, "percent_statements_covered_display": "0"}, "missing_lines": [1911, 1912, 1913, 1914, 1917], "excluded_lines": []}, "_reload_domain_map_if_needed": {"executed_lines": [3125, 3126, 3127, 3128], "summary": {"covered_lines": 4, "num_statements": 21, "percent_covered": 19.047619047619047, "percent_covered_display": "19", "missing_lines": 17, "excluded_lines": 0, "percent_statements_covered": 19.047619047619047, "percent_statements_covered_display": "19"}, "missing_lines": [3129, 3130, 3132, 3133, 3134, 3135, 3136, 3137, 3138, 3139, 3140, 3141, 3142, 3143, 3145, 3146, 3147], "excluded_lines": []}, "ingest_message_from_eml": {"executed_lines": [], "summary": {"covered_lines": 0, "num_statements": 157, "percent_covered": 0.0, "percent_covered_display": "0", "missing_lines": 157, "excluded_lines": 0, "percent_statements_covered": 0.0, "percent_statements_covered_display": "0"}, "missing_lines": [3160, 3161, 3162, 3165, 3167, 3169, 3171, 3174, 3175, 3176, 3177, 3180, 3181, 3182, 3188, 3189, 3190, 3191, 3192, 3193, 3196, 3197, 3198, 3199, 3202, 3203, 3204, 3207, 3208, 3210, 3211, 3212, 3213, 3216, 3217, 3219, 3220, 3221, 3222, 3224, 3225, 3227, 3228, 3229, 3230, 3232, 3233, 3234, 3235, 3236, 3237, 3240, 3241, 3242, 3243, 3244, 3245, 3246, 3247, 3251, 3252, 3254, 3272, 3273, 3274, 3275, 3276, 3277, 3278, 3280, 3281, 3282, 3283, 3286, 3287, 3290, 3291, 3292, 3293, 3294, 3295, 3298, 3299, 3304, 3305, 3308, 3309, 3310, 3311, 3312, 3313, 3314, 3320, 3326, 3327, 3330, 3338, 3339, 3340, 3341, 3342, 3345, 3346, 3347, 3348, 3349, 3350, 3351, 3352, 3356, 3357, 3358, 3359, 3360, 3361, 3363, 3364, 3365, 3366, 3367, 3368, 3371, 3372, 3373, 3374, 3375, 3377, 3378, 3379, 3382, 3383, 3384, 3393, 3394, 3395, 3396, 3398, 3399, 3400, 3401, 3402, 3403, 3404, 3405, 3408, 3410, 3411, 3413, 3429, 3432, 3434, 3435, 3437, 3439, 3440, 3441, 3442], "excluded_lines": []}, "_conf": {"executed_lines": [3446, 3448, 3449], "summary": {"covered_lines": 3, "num_statements": 6, "percent_covered": 50.0, "percent_covered_display": "50", "missing_lines": 3, "excluded_lines": 0, "percent_statements_covered": 50.0, "percent_statements_covered_display": "50"}, "missing_lines": [3447, 3450, 3451], "excluded_lines": []}, "_is_ats_domain": {"executed_lines": [3457, 3459, 3460, 3461, 3462, 3463], "summary": {"covered_lines": 6, "num_statements": 7, "percent_covered": 85.71428571428571, "percent_covered_display": "86", "missing_lines": 1, "excluded_lines": 0, "percent_statements_covered": 85.71428571428571, "percent_statements_covered_display": "86"}, "missing_lines": [3458], "excluded_lines": []}, "_map_company_by_domain": {"executed_lines": [3473, 3474, 3476, 3478, 3479, 3481, 3482, 3484], "summary": {"covered_lines": 8, "num_statements": 10, "percent_covered": 80.0, "percent_covered_display": "80", "missing_lines": 2, "excluded_lines": 0, "percent_statements_covered": 80.0, "percent_statements_covered_display": "80"}, "missing_lines": [3475, 3483], "excluded_lines": []}, "": {"executed_lines": [1, 13, 14, 15, 16, 17, 20, 21, 22, 23, 24, 25, 26, 28, 29, 30, 31, 32, 33, 35, 42, 43, 44, 45, 54, 55, 56, 59, 60, 61, 62, 67, 68, 69, 70, 71, 77, 78, 79, 84, 99, 100, 101, 103, 104, 105, 106, 107, 108, 112, 113, 114, 122, 123, 124, 125, 126, 129, 132, 150, 362, 503, 510, 527, 561, 585, 608, 733, 748, 766, 797, 830, 835, 838, 839, 840, 843, 844, 845, 848, 861, 879, 899, 906, 1040, 1073, 1090, 1136, 1702, 3081, 3083, 3084, 3085, 3086, 3093, 3094, 3095, 3096, 3097, 3098, 3099, 3112, 3113, 3114, 3121, 3150, 3445, 3455, 3466], "summary": {"covered_lines": 108, "num_statements": 145, "percent_covered": 74.48275862068965, "percent_covered_display": "74", "missing_lines": 37, "excluded_lines": 0, "percent_statements_covered": 74.48275862068965, "percent_statements_covered_display": "74"}, "missing_lines": [64, 74, 109, 110, 115, 116, 117, 118, 119, 127, 128, 849, 850, 851, 852, 853, 854, 855, 856, 857, 858, 3087, 3088, 3089, 3090, 3091, 3092, 3101, 3102, 3103, 3104, 3105, 3106, 3107, 3116, 3117, 3118], "excluded_lines": []}}, "classes": {"": {"executed_lines": [1, 13, 14, 15, 16, 17, 20, 21, 22, 23, 24, 25, 26, 28, 29, 30, 31, 32, 33, 35, 42, 43, 44, 45, 54, 55, 56, 59, 60, 61, 62, 67, 68, 69, 70, 71, 77, 78, 79, 84, 99, 100, 101, 103, 104, 105, 106, 107, 108, 112, 113, 114, 122, 123, 124, 125, 126, 129, 132, 150, 157, 167, 168, 169, 170, 175, 176, 177, 178, 179, 180, 189, 193, 194, 195, 196, 197, 206, 214, 215, 216, 217, 221, 222, 223, 224, 225, 229, 233, 234, 235, 236, 237, 244, 249, 250, 251, 253, 265, 266, 267, 268, 269, 270, 271, 272, 274, 275, 276, 277, 278, 279, 280, 281, 282, 283, 293, 294, 297, 298, 306, 307, 309, 316, 317, 323, 325, 326, 333, 334, 335, 342, 356, 358, 359, 362, 374, 375, 380, 381, 382, 383, 384, 385, 386, 390, 391, 392, 393, 394, 395, 396, 400, 401, 402, 403, 430, 452, 472, 479, 485, 486, 491, 493, 503, 510, 527, 561, 585, 590, 591, 592, 593, 594, 595, 596, 597, 598, 602, 603, 608, 618, 633, 634, 651, 652, 653, 654, 655, 656, 660, 663, 664, 665, 666, 669, 670, 671, 672, 673, 674, 675, 676, 677, 678, 679, 680, 681, 682, 683, 684, 685, 686, 687, 689, 690, 691, 692, 696, 698, 701, 711, 712, 713, 714, 715, 717, 733, 748, 750, 753, 754, 755, 757, 763, 766, 774, 775, 777, 780, 781, 784, 787, 790, 791, 794, 797, 806, 808, 809, 810, 811, 812, 813, 814, 815, 816, 818, 819, 820, 822, 823, 825, 826, 827, 830, 835, 838, 839, 840, 843, 844, 845, 848, 861, 879, 899, 901, 902, 903, 906, 1040, 1073, 1090, 1099, 1104, 1105, 1107, 1108, 1110, 1111, 1114, 1128, 1129, 1130, 1131, 1133, 1136, 1139, 1140, 1141, 1142, 1143, 1144, 1146, 1158, 1159, 1160, 1161, 1163, 1164, 1165, 1166, 1167, 1168, 1169, 1172, 1173, 1174, 1175, 1178, 1180, 1181, 1182, 1186, 1187, 1192, 1200, 1202, 1209, 1211, 1217, 1229, 1230, 1231, 1234, 1236, 1244, 1245, 1246, 1247, 1248, 1249, 1250, 1253, 1254, 1255, 1257, 1258, 1259, 1260, 1261, 1265, 1267, 1268, 1270, 1272, 1273, 1276, 1282, 1283, 1284, 1285, 1288, 1289, 1290, 1291, 1292, 1293, 1294, 1295, 1296, 1303, 1305, 1310, 1311, 1312, 1314, 1315, 1317, 1322, 1325, 1326, 1327, 1328, 1330, 1337, 1338, 1339, 1340, 1341, 1344, 1345, 1347, 1348, 1349, 1355, 1357, 1358, 1359, 1360, 1361, 1362, 1363, 1368, 1369, 1374, 1375, 1377, 1378, 1379, 1380, 1381, 1384, 1385, 1386, 1387, 1394, 1396, 1397, 1398, 1399, 1400, 1404, 1405, 1406, 1407, 1408, 1409, 1410, 1411, 1414, 1416, 1417, 1418, 1420, 1421, 1422, 1423, 1424, 1426, 1430, 1432, 1438, 1441, 1446, 1447, 1448, 1449, 1450, 1451, 1454, 1455, 1456, 1457, 1458, 1461, 1462, 1463, 1464, 1469, 1517, 1518, 1519, 1520, 1524, 1525, 1526, 1527, 1528, 1529, 1531, 1532, 1533, 1534, 1535, 1539, 1541, 1542, 1543, 1545, 1546, 1548, 1549, 1550, 1551, 1552, 1553, 1554, 1556, 1557, 1558, 1559, 1560, 1561, 1562, 1563, 1566, 1567, 1568, 1569, 1570, 1571, 1573, 1577, 1579, 1581, 1583, 1589, 1590, 1591, 1592, 1593, 1594, 1595, 1596, 1599, 1602, 1603, 1605, 1606, 1607, 1608, 1609, 1610, 1613, 1614, 1619, 1622, 1623, 1627, 1632, 1633, 1634, 1637, 1642, 1657, 1659, 1660, 1661, 1662, 1665, 1674, 1684, 1688, 1689, 1691, 1702, 3081, 3083, 3084, 3085, 3086, 3093, 3094, 3095, 3096, 3097, 3098, 3099, 3112, 3113, 3114, 3121, 3125, 3126, 3127, 3128, 3150, 3445, 3446, 3448, 3449, 3455, 3457, 3459, 3460, 3461, 3462, 3463, 3466, 3473, 3474, 3476, 3478, 3479, 3481, 3482, 3484], "summary": {"covered_lines": 588, "num_statements": 1901, "percent_covered": 30.931088900578644, "percent_covered_display": "31", "missing_lines": 1313, "excluded_lines": 0, "percent_statements_covered": 30.931088900578644, "percent_statements_covered_display": "31"}, "missing_lines": [64, 74, 109, 110, 115, 116, 117, 118, 119, 127, 128, 181, 182, 183, 190, 191, 192, 198, 199, 200, 299, 300, 303, 310, 311, 328, 343, 351, 352, 353, 354, 357, 387, 388, 431, 432, 433, 434, 435, 436, 438, 439, 441, 442, 443, 444, 453, 454, 455, 456, 457, 458, 460, 461, 463, 464, 465, 466, 473, 474, 475, 480, 481, 482, 487, 488, 489, 492, 505, 506, 507, 520, 521, 523, 524, 532, 533, 534, 535, 536, 537, 539, 567, 568, 569, 570, 571, 572, 573, 574, 575, 576, 577, 578, 579, 581, 582, 599, 600, 604, 605, 619, 635, 637, 657, 658, 659, 693, 694, 735, 751, 758, 759, 761, 762, 792, 807, 849, 850, 851, 852, 853, 854, 855, 856, 857, 858, 865, 866, 867, 869, 870, 871, 872, 873, 875, 876, 882, 883, 884, 885, 886, 887, 888, 889, 890, 891, 892, 894, 895, 896, 908, 909, 910, 912, 913, 914, 915, 916, 917, 918, 919, 920, 922, 923, 924, 925, 926, 929, 931, 932, 933, 935, 936, 937, 939, 940, 941, 942, 943, 945, 946, 947, 948, 949, 951, 952, 953, 954, 956, 959, 960, 961, 962, 965, 976, 984, 985, 986, 987, 990, 991, 994, 995, 998, 999, 1000, 1001, 1004, 1005, 1008, 1009, 1012, 1013, 1018, 1019, 1020, 1022, 1047, 1048, 1056, 1057, 1058, 1059, 1061, 1062, 1063, 1064, 1065, 1067, 1068, 1069, 1070, 1075, 1076, 1077, 1078, 1079, 1080, 1081, 1082, 1083, 1084, 1085, 1087, 1100, 1117, 1122, 1123, 1124, 1125, 1126, 1127, 1189, 1190, 1191, 1194, 1195, 1196, 1197, 1212, 1213, 1214, 1223, 1224, 1225, 1237, 1238, 1239, 1240, 1297, 1298, 1299, 1300, 1323, 1342, 1343, 1351, 1352, 1364, 1365, 1425, 1433, 1434, 1435, 1575, 1584, 1585, 1586, 1685, 1686, 1687, 1710, 1712, 1714, 1715, 1716, 1717, 1718, 1721, 1722, 1723, 1724, 1725, 1726, 1727, 1728, 1729, 1731, 1732, 1733, 1734, 1737, 1741, 1746, 1747, 1750, 1751, 1752, 1753, 1756, 1757, 1758, 1759, 1760, 1762, 1763, 1764, 1765, 1766, 1767, 1768, 1771, 1772, 1774, 1775, 1776, 1779, 1780, 1781, 1782, 1784, 1785, 1786, 1787, 1788, 1789, 1790, 1792, 1793, 1796, 1797, 1801, 1803, 1804, 1805, 1808, 1809, 1810, 1812, 1813, 1814, 1815, 1816, 1819, 1820, 1821, 1823, 1825, 1826, 1827, 1828, 1829, 1830, 1832, 1833, 1834, 1835, 1836, 1837, 1838, 1841, 1842, 1843, 1853, 1854, 1855, 1857, 1858, 1859, 1860, 1861, 1862, 1865, 1866, 1867, 1868, 1869, 1870, 1871, 1872, 1873, 1874, 1875, 1877, 1878, 1879, 1880, 1883, 1884, 1885, 1886, 1887, 1889, 1894, 1895, 1896, 1897, 1899, 1901, 1903, 1911, 1912, 1913, 1914, 1917, 1919, 1927, 1928, 1930, 1931, 1933, 1934, 1936, 1938, 1939, 1945, 1946, 1950, 1951, 1952, 1954, 1955, 1956, 1957, 1958, 1962, 1965, 1966, 1967, 1969, 1971, 1972, 1973, 1974, 1975, 1976, 1977, 1979, 1980, 1981, 1982, 1983, 1984, 1987, 1988, 1989, 1990, 1991, 1992, 1995, 1996, 1998, 2000, 2007, 2008, 2009, 2010, 2015, 2016, 2018, 2022, 2023, 2025, 2026, 2027, 2028, 2029, 2033, 2034, 2035, 2038, 2039, 2040, 2041, 2042, 2043, 2044, 2045, 2046, 2047, 2048, 2049, 2051, 2052, 2054, 2055, 2056, 2057, 2058, 2059, 2060, 2061, 2062, 2070, 2071, 2072, 2074, 2077, 2078, 2079, 2080, 2081, 2082, 2083, 2085, 2086, 2087, 2088, 2089, 2090, 2095, 2096, 2097, 2098, 2099, 2100, 2101, 2102, 2103, 2106, 2107, 2108, 2109, 2110, 2113, 2114, 2115, 2116, 2117, 2121, 2123, 2127, 2128, 2129, 2130, 2131, 2133, 2134, 2135, 2137, 2138, 2140, 2143, 2144, 2145, 2146, 2147, 2150, 2151, 2152, 2153, 2154, 2155, 2156, 2159, 2161, 2162, 2163, 2164, 2165, 2166, 2167, 2168, 2169, 2172, 2173, 2178, 2179, 2180, 2181, 2182, 2183, 2184, 2187, 2189, 2191, 2192, 2193, 2194, 2195, 2196, 2197, 2198, 2199, 2202, 2203, 2208, 2209, 2211, 2212, 2213, 2214, 2215, 2216, 2219, 2220, 2221, 2222, 2223, 2224, 2225, 2228, 2229, 2230, 2231, 2237, 2238, 2239, 2240, 2241, 2242, 2243, 2244, 2245, 2247, 2248, 2249, 2250, 2251, 2252, 2253, 2254, 2255, 2256, 2260, 2262, 2263, 2264, 2265, 2267, 2268, 2269, 2270, 2271, 2274, 2279, 2280, 2281, 2282, 2283, 2285, 2286, 2291, 2292, 2293, 2294, 2295, 2298, 2299, 2300, 2301, 2302, 2303, 2304, 2305, 2306, 2309, 2310, 2311, 2312, 2313, 2316, 2317, 2320, 2321, 2322, 2323, 2324, 2326, 2327, 2328, 2329, 2330, 2331, 2333, 2336, 2337, 2338, 2339, 2340, 2341, 2342, 2350, 2351, 2352, 2353, 2354, 2356, 2358, 2359, 2360, 2361, 2362, 2365, 2367, 2368, 2376, 2377, 2378, 2379, 2380, 2381, 2382, 2383, 2384, 2386, 2387, 2388, 2389, 2390, 2391, 2397, 2398, 2400, 2401, 2402, 2403, 2406, 2408, 2409, 2410, 2411, 2415, 2416, 2418, 2419, 2420, 2422, 2423, 2426, 2428, 2430, 2431, 2432, 2433, 2434, 2436, 2439, 2440, 2442, 2444, 2445, 2446, 2447, 2450, 2451, 2452, 2453, 2460, 2461, 2462, 2463, 2464, 2465, 2466, 2468, 2469, 2470, 2471, 2472, 2473, 2474, 2477, 2478, 2479, 2481, 2482, 2483, 2484, 2485, 2486, 2487, 2488, 2490, 2492, 2493, 2494, 2496, 2497, 2500, 2501, 2502, 2503, 2504, 2505, 2508, 2509, 2511, 2512, 2513, 2514, 2517, 2518, 2519, 2520, 2521, 2522, 2523, 2524, 2527, 2528, 2529, 2533, 2541, 2542, 2547, 2548, 2549, 2550, 2551, 2552, 2554, 2556, 2557, 2559, 2560, 2562, 2565, 2566, 2567, 2568, 2569, 2570, 2573, 2574, 2575, 2578, 2580, 2581, 2582, 2583, 2584, 2586, 2587, 2588, 2589, 2590, 2591, 2592, 2593, 2594, 2595, 2596, 2597, 2598, 2599, 2600, 2601, 2602, 2604, 2605, 2606, 2607, 2608, 2610, 2611, 2612, 2613, 2615, 2623, 2624, 2630, 2631, 2635, 2636, 2639, 2640, 2641, 2642, 2643, 2644, 2645, 2646, 2647, 2648, 2660, 2661, 2662, 2665, 2670, 2671, 2672, 2673, 2674, 2675, 2676, 2688, 2689, 2690, 2693, 2694, 2695, 2701, 2702, 2703, 2704, 2705, 2706, 2707, 2719, 2720, 2721, 2724, 2725, 2726, 2727, 2728, 2729, 2732, 2733, 2736, 2737, 2738, 2739, 2743, 2744, 2745, 2746, 2747, 2748, 2749, 2754, 2755, 2756, 2757, 2758, 2759, 2767, 2783, 2802, 2803, 2804, 2807, 2808, 2809, 2810, 2814, 2817, 2818, 2819, 2820, 2821, 2823, 2824, 2825, 2827, 2828, 2831, 2832, 2833, 2834, 2835, 2836, 2839, 2840, 2841, 2842, 2844, 2846, 2847, 2848, 2849, 2850, 2853, 2854, 2856, 2858, 2859, 2860, 2864, 2865, 2883, 2884, 2886, 2887, 2888, 2889, 2890, 2891, 2892, 2893, 2894, 2895, 2896, 2897, 2898, 2899, 2900, 2901, 2902, 2903, 2904, 2905, 2906, 2907, 2909, 2910, 2911, 2912, 2913, 2916, 2917, 2918, 2920, 2921, 2922, 2923, 2924, 2925, 2926, 2927, 2928, 2929, 2930, 2931, 2932, 2933, 2934, 2935, 2936, 2937, 2938, 2943, 2944, 2945, 2947, 2948, 2949, 2950, 2951, 2952, 2953, 2955, 2971, 2972, 2974, 2975, 2976, 2977, 2978, 2980, 2981, 2982, 2983, 2984, 2986, 2987, 2988, 2989, 2990, 2991, 2992, 2993, 2996, 2997, 2998, 2999, 3004, 3023, 3024, 3034, 3035, 3037, 3038, 3039, 3040, 3041, 3042, 3043, 3044, 3045, 3046, 3047, 3048, 3049, 3050, 3052, 3056, 3057, 3058, 3059, 3060, 3061, 3063, 3064, 3065, 3066, 3067, 3068, 3069, 3070, 3071, 3073, 3075, 3076, 3078, 3087, 3088, 3089, 3090, 3091, 3092, 3101, 3102, 3103, 3104, 3105, 3106, 3107, 3116, 3117, 3118, 3129, 3130, 3132, 3133, 3134, 3135, 3136, 3137, 3138, 3139, 3140, 3141, 3142, 3143, 3145, 3146, 3147, 3160, 3161, 3162, 3165, 3167, 3169, 3171, 3174, 3175, 3176, 3177, 3180, 3181, 3182, 3188, 3189, 3190, 3191, 3192, 3193, 3196, 3197, 3198, 3199, 3202, 3203, 3204, 3207, 3208, 3210, 3211, 3212, 3213, 3216, 3217, 3219, 3220, 3221, 3222, 3224, 3225, 3227, 3228, 3229, 3230, 3232, 3233, 3234, 3235, 3236, 3237, 3240, 3241, 3242, 3243, 3244, 3245, 3246, 3247, 3251, 3252, 3254, 3272, 3273, 3274, 3275, 3276, 3277, 3278, 3280, 3281, 3282, 3283, 3286, 3287, 3290, 3291, 3292, 3293, 3294, 3295, 3298, 3299, 3304, 3305, 3308, 3309, 3310, 3311, 3312, 3313, 3314, 3320, 3326, 3327, 3330, 3338, 3339, 3340, 3341, 3342, 3345, 3346, 3347, 3348, 3349, 3350, 3351, 3352, 3356, 3357, 3358, 3359, 3360, 3361, 3363, 3364, 3365, 3366, 3367, 3368, 3371, 3372, 3373, 3374, 3375, 3377, 3378, 3379, 3382, 3383, 3384, 3393, 3394, 3395, 3396, 3398, 3399, 3400, 3401, 3402, 3403, 3404, 3405, 3408, 3410, 3411, 3413, 3429, 3432, 3434, 3435, 3437, 3439, 3440, 3441, 3442, 3447, 3450, 3451, 3458, 3475, 3483], "excluded_lines": []}}}, "tracker/admin.py": {"executed_lines": [1, 2, 3, 4, 5, 7, 25, 28, 29, 40, 41, 42, 43, 51, 53, 57, 60, 61, 62, 63, 65, 71, 74, 78, 81, 82, 92, 93, 94, 95, 98, 99, 100, 103, 104, 105, 112, 113, 121, 127, 128, 130, 138, 178, 226, 227, 228, 229, 232, 233, 234, 235, 236, 237, 238, 239, 242, 243, 245, 255, 256, 257, 258, 260, 263, 266, 270, 271, 273, 274, 275, 276, 277, 278, 279, 280, 281], "summary": {"covered_lines": 75, "num_statements": 131, "percent_covered": 57.25190839694657, "percent_covered_display": "57", "missing_lines": 56, "excluded_lines": 0, "percent_statements_covered": 57.25190839694657, "percent_statements_covered_display": "57"}, "missing_lines": [54, 55, 66, 67, 68, 75, 132, 133, 136, 140, 141, 142, 143, 144, 146, 149, 152, 154, 155, 156, 157, 158, 159, 161, 163, 164, 165, 167, 169, 176, 184, 185, 186, 187, 188, 189, 190, 192, 195, 196, 197, 198, 199, 200, 201, 202, 205, 206, 207, 218, 220, 221, 223, 261, 264, 267], "excluded_lines": [], "functions": {"UnresolvedCompanyAdmin.mark_as_reviewed": {"executed_lines": [], "summary": {"covered_lines": 0, "num_statements": 2, "percent_covered": 0.0, "percent_covered_display": "0", "missing_lines": 2, "excluded_lines": 0, "percent_statements_covered": 0.0, "percent_statements_covered_display": "0"}, "missing_lines": [54, 55], "excluded_lines": []}, "CustomAdminSite.each_context": {"executed_lines": [], "summary": {"covered_lines": 0, "num_statements": 3, "percent_covered": 0.0, "percent_covered_display": "0", "missing_lines": 3, "excluded_lines": 0, "percent_statements_covered": 0.0, "percent_statements_covered_display": "0"}, "missing_lines": [66, 67, 68], "excluded_lines": []}, "mark_as_reviewed": {"executed_lines": [], "summary": {"covered_lines": 0, "num_statements": 1, "percent_covered": 0.0, "percent_covered_display": "0", "missing_lines": 1, "excluded_lines": 0, "percent_statements_covered": 0.0, "percent_statements_covered_display": "0"}, "missing_lines": [75], "excluded_lines": []}, "MessageAdmin.get_urls": {"executed_lines": [], "summary": {"covered_lines": 0, "num_statements": 3, "percent_covered": 0.0, "percent_covered_display": "0", "missing_lines": 3, "excluded_lines": 0, "percent_statements_covered": 0.0, "percent_statements_covered_display": "0"}, "missing_lines": [132, 133, 136], "excluded_lines": []}, "MessageAdmin.upload_eml_view": {"executed_lines": [], "summary": {"covered_lines": 0, "num_statements": 21, "percent_covered": 0.0, "percent_covered_display": "0", "missing_lines": 21, "excluded_lines": 0, "percent_statements_covered": 0.0, "percent_statements_covered_display": "0"}, "missing_lines": [140, 141, 142, 143, 144, 146, 149, 152, 154, 155, 156, 157, 158, 159, 161, 163, 164, 165, 167, 169, 176], "excluded_lines": []}, "MessageAdmin.save_model": {"executed_lines": [], "summary": {"covered_lines": 0, "num_statements": 23, "percent_covered": 0.0, "percent_covered_display": "0", "missing_lines": 23, "excluded_lines": 0, "percent_statements_covered": 0.0, "percent_statements_covered_display": "0"}, "missing_lines": [184, 185, 186, 187, 188, 189, 190, 192, 195, 196, 197, 198, 199, 200, 201, 202, 205, 206, 207, 218, 220, 221, 223], "excluded_lines": []}, "AuditEventAdmin.has_add_permission": {"executed_lines": [], "summary": {"covered_lines": 0, "num_statements": 1, "percent_covered": 0.0, "percent_covered_display": "0", "missing_lines": 1, "excluded_lines": 0, "percent_statements_covered": 0.0, "percent_statements_covered_display": "0"}, "missing_lines": [261], "excluded_lines": []}, "AuditEventAdmin.has_change_permission": {"executed_lines": [], "summary": {"covered_lines": 0, "num_statements": 1, "percent_covered": 0.0, "percent_covered_display": "0", "missing_lines": 1, "excluded_lines": 0, "percent_statements_covered": 0.0, "percent_statements_covered_display": "0"}, "missing_lines": [264], "excluded_lines": []}, "AuditEventAdmin.has_delete_permission": {"executed_lines": [], "summary": {"covered_lines": 0, "num_statements": 1, "percent_covered": 0.0, "percent_covered_display": "0", "missing_lines": 1, "excluded_lines": 0, "percent_statements_covered": 0.0, "percent_statements_covered_display": "0"}, "missing_lines": [267], "excluded_lines": []}, "": {"executed_lines": [1, 2, 3, 4, 5, 7, 25, 28, 29, 40, 41, 42, 43, 51, 53, 57, 60, 61, 62, 63, 65, 71, 74, 78, 81, 82, 92, 93, 94, 95, 98, 99, 100, 103, 104, 105, 112, 113, 121, 127, 128, 130, 138, 178, 226, 227, 228, 229, 232, 233, 234, 235, 236, 237, 238, 239, 242, 243, 245, 255, 256, 257, 258, 260, 263, 266, 270, 271, 273, 274, 275, 276, 277, 278, 279, 280, 281], "summary": {"covered_lines": 75, "num_statements": 75, "percent_covered": 100.0, "percent_covered_display": "100", "missing_lines": 0, "excluded_lines": 0, "percent_statements_covered": 100.0, "percent_statements_covered_display": "100"}, "missing_lines": [], "excluded_lines": []}}, "classes": {"UnresolvedCompanyAdmin": {"executed_lines": [], "summary": {"covered_lines": 0, "num_statements": 2, "percent_covered": 0.0, "percent_covered_display": "0", "missing_lines": 2, "excluded_lines": 0, "percent_statements_covered": 0.0, "percent_statements_covered_display": "0"}, "missing_lines": [54, 55], "excluded_lines": []}, "CustomAdminSite": {"executed_lines": [], "summary": {"covered_lines": 0, "num_statements": 3, "percent_covered": 0.0, "percent_covered_display": "0", "missing_lines": 3, "excluded_lines": 0, "percent_statements_covered": 0.0, "percent_statements_covered_display": "0"}, "missing_lines": [66, 67, 68], "excluded_lines": []}, "ThreadTrackingAdmin": {"executed_lines": [], "summary": {"covered_lines": 0, "num_statements": 0, "percent_covered": 100.0, "percent_covered_display": "100", "missing_lines": 0, "excluded_lines": 0, "percent_statements_covered": 100.0, "percent_statements_covered_display": "100"}, "missing_lines": [], "excluded_lines": []}, "CompanyAdmin": {"executed_lines": [], "summary": {"covered_lines": 0, "num_statements": 0, "percent_covered": 100.0, "percent_covered_display": "100", "missing_lines": 0, "excluded_lines": 0, "percent_statements_covered": 100.0, "percent_statements_covered_display": "100"}, "missing_lines": [], "excluded_lines": []}, "EMLUploadForm": {"executed_lines": [], "summary": {"covered_lines": 0, "num_statements": 0, "percent_covered": 100.0, "percent_covered_display": "100", "missing_lines": 0, "excluded_lines": 0, "percent_statements_covered": 100.0, "percent_statements_covered_display": "100"}, "missing_lines": [], "excluded_lines": []}, "MessageAdmin": {"executed_lines": [], "summary": {"covered_lines": 0, "num_statements": 47, "percent_covered": 0.0, "percent_covered_display": "0", "missing_lines": 47, "excluded_lines": 0, "percent_statements_covered": 0.0, "percent_statements_covered_display": "0"}, "missing_lines": [132, 133, 136, 140, 141, 142, 143, 144, 146, 149, 152, 154, 155, 156, 157, 158, 159, 161, 163, 164, 165, 167, 169, 176, 184, 185, 186, 187, 188, 189, 190, 192, 195, 196, 197, 198, 199, 200, 201, 202, 205, 206, 207, 218, 220, 221, 223], "excluded_lines": []}, "TicketAdmin": {"executed_lines": [], "summary": {"covered_lines": 0, "num_statements": 0, "percent_covered": 100.0, "percent_covered_display": "100", "missing_lines": 0, "excluded_lines": 0, "percent_statements_covered": 100.0, "percent_statements_covered_display": "100"}, "missing_lines": [], "excluded_lines": []}, "AuditEventAdmin": {"executed_lines": [], "summary": {"covered_lines": 0, "num_statements": 3, "percent_covered": 0.0, "percent_covered_display": "0", "missing_lines": 3, "excluded_lines": 0, "percent_statements_covered": 0.0, "percent_statements_covered_display": "0"}, "missing_lines": [261, 264, 267], "excluded_lines": []}, "": {"executed_lines": [1, 2, 3, 4, 5, 7, 25, 28, 29, 40, 41, 42, 43, 51, 53, 57, 60, 61, 62, 63, 65, 71, 74, 78, 81, 82, 92, 93, 94, 95, 98, 99, 100, 103, 104, 105, 112, 113, 121, 127, 128, 130, 138, 178, 226, 227, 228, 229, 232, 233, 234, 235, 236, 237, 238, 239, 242, 243, 245, 255, 256, 257, 258, 260, 263, 266, 270, 271, 273, 274, 275, 276, 277, 278, 279, 280, 281], "summary": {"covered_lines": 75, "num_statements": 76, "percent_covered": 98.6842105263158, "percent_covered_display": "99", "missing_lines": 1, "excluded_lines": 0, "percent_statements_covered": 98.6842105263158, "percent_statements_covered_display": "99"}, "missing_lines": [75], "excluded_lines": []}}}, "tracker/apps.py": {"executed_lines": [1, 4, 5, 6, 8, 12, 13, 14], "summary": {"covered_lines": 8, "num_statements": 9, "percent_covered": 88.88888888888889, "percent_covered_display": "89", "missing_lines": 1, "excluded_lines": 0, "percent_statements_covered": 88.88888888888889, "percent_statements_covered_display": "89"}, "missing_lines": [9], "excluded_lines": [], "functions": {"TrackerConfig.ready": {"executed_lines": [], "summary": {"covered_lines": 0, "num_statements": 1, "percent_covered": 0.0, "percent_covered_display": "0", "missing_lines": 1, "excluded_lines": 0, "percent_statements_covered": 0.0, "percent_statements_covered_display": "0"}, "missing_lines": [9], "excluded_lines": []}, "": {"executed_lines": [1, 4, 5, 6, 8, 12, 13, 14], "summary": {"covered_lines": 8, "num_statements": 8, "percent_covered": 100.0, "percent_covered_display": "100", "missing_lines": 0, "excluded_lines": 0, "percent_statements_covered": 100.0, "percent_statements_covered_display": "100"}, "missing_lines": [], "excluded_lines": []}}, "classes": {"TrackerConfig": {"executed_lines": [], "summary": {"covered_lines": 0, "num_statements": 0, "percent_covered": 100.0, "percent_covered_display": "100", "missing_lines": 0, "excluded_lines": 0, "percent_statements_covered": 100.0, "percent_statements_covered_display": "100"}, "missing_lines": [], "excluded_lines": []}, "": {"executed_lines": [1, 4, 5, 6, 8, 12, 13, 14], "summary": {"covered_lines": 8, "num_statements": 8, "percent_covered": 100.0, "percent_covered_display": "100", "missing_lines": 0, "excluded_lines": 0, "percent_statements_covered": 100.0, "percent_statements_covered_display": "100"}, "missing_lines": [], "excluded_lines": []}}}, "tracker/forms.py": {"executed_lines": [], "summary": {"covered_lines": 0, "num_statements": 31, "percent_covered": 0.0, "percent_covered_display": "0", "missing_lines": 31, "excluded_lines": 0, "percent_statements_covered": 0.0, "percent_statements_covered_display": "0"}, "missing_lines": [2, 3, 5, 8, 9, 10, 11, 14, 18, 23, 31, 38, 45, 53, 60, 68, 75, 83, 85, 86, 88, 89, 90, 91, 94, 95, 97, 100, 101, 102, 103], "excluded_lines": [], "functions": {"ManualEntryForm.clean_company_name": {"executed_lines": [], "summary": {"covered_lines": 0, "num_statements": 2, "percent_covered": 0.0, "percent_covered_display": "0", "missing_lines": 2, "excluded_lines": 0, "percent_statements_covered": 0.0, "percent_statements_covered_display": "0"}, "missing_lines": [85, 86], "excluded_lines": []}, "ManualEntryForm.clean": {"executed_lines": [], "summary": {"covered_lines": 0, "num_statements": 6, "percent_covered": 0.0, "percent_covered_display": "0", "missing_lines": 6, "excluded_lines": 0, "percent_statements_covered": 0.0, "percent_statements_covered_display": "0"}, "missing_lines": [89, 90, 91, 94, 95, 97], "excluded_lines": []}, "": {"executed_lines": [], "summary": {"covered_lines": 0, "num_statements": 23, "percent_covered": 0.0, "percent_covered_display": "0", "missing_lines": 23, "excluded_lines": 0, "percent_statements_covered": 0.0, "percent_statements_covered_display": "0"}, "missing_lines": [2, 3, 5, 8, 9, 10, 11, 14, 18, 23, 31, 38, 45, 53, 60, 68, 75, 83, 88, 100, 101, 102, 103], "excluded_lines": []}}, "classes": {"ApplicationEditForm": {"executed_lines": [], "summary": {"covered_lines": 0, "num_statements": 0, "percent_covered": 100.0, "percent_covered_display": "100", "missing_lines": 0, "excluded_lines": 0, "percent_statements_covered": 100.0, "percent_statements_covered_display": "100"}, "missing_lines": [], "excluded_lines": []}, "ApplicationEditForm.Meta": {"executed_lines": [], "summary": {"covered_lines": 0, "num_statements": 0, "percent_covered": 100.0, "percent_covered_display": "100", "missing_lines": 0, "excluded_lines": 0, "percent_statements_covered": 100.0, "percent_statements_covered_display": "100"}, "missing_lines": [], "excluded_lines": []}, "ManualEntryForm": {"executed_lines": [], "summary": {"covered_lines": 0, "num_statements": 8, "percent_covered": 0.0, "percent_covered_display": "0", "missing_lines": 8, "excluded_lines": 0, "percent_statements_covered": 0.0, "percent_statements_covered_display": "0"}, "missing_lines": [85, 86, 89, 90, 91, 94, 95, 97], "excluded_lines": []}, "UploadEmlForm": {"executed_lines": [], "summary": {"covered_lines": 0, "num_statements": 0, "percent_covered": 100.0, "percent_covered_display": "100", "missing_lines": 0, "excluded_lines": 0, "percent_statements_covered": 100.0, "percent_statements_covered_display": "100"}, "missing_lines": [], "excluded_lines": []}, "": {"executed_lines": [], "summary": {"covered_lines": 0, "num_statements": 23, "percent_covered": 0.0, "percent_covered_display": "0", "missing_lines": 23, "excluded_lines": 0, "percent_statements_covered": 0.0, "percent_statements_covered_display": "0"}, "missing_lines": [2, 3, 5, 8, 9, 10, 11, 14, 18, 23, 31, 38, 45, 53, 60, 68, 75, 83, 88, 100, 101, 102, 103], "excluded_lines": []}}}, "tracker/forms_company.py": {"executed_lines": [], "summary": {"covered_lines": 0, "num_statements": 10, "percent_covered": 0.0, "percent_covered_display": "0", "missing_lines": 10, "excluded_lines": 0, "percent_statements_covered": 0.0, "percent_statements_covered_display": "0"}, "missing_lines": [1, 3, 6, 7, 8, 9, 11, 12, 13, 22], "excluded_lines": [], "functions": {"": {"executed_lines": [], "summary": {"covered_lines": 0, "num_statements": 10, "percent_covered": 0.0, "percent_covered_display": "0", "missing_lines": 10, "excluded_lines": 0, "percent_statements_covered": 0.0, "percent_statements_covered_display": "0"}, "missing_lines": [1, 3, 6, 7, 8, 9, 11, 12, 13, 22], "excluded_lines": []}}, "classes": {"CompanyEditForm": {"executed_lines": [], "summary": {"covered_lines": 0, "num_statements": 0, "percent_covered": 100.0, "percent_covered_display": "100", "missing_lines": 0, "excluded_lines": 0, "percent_statements_covered": 100.0, "percent_statements_covered_display": "100"}, "missing_lines": [], "excluded_lines": []}, "CompanyEditForm.Meta": {"executed_lines": [], "summary": {"covered_lines": 0, "num_statements": 0, "percent_covered": 100.0, "percent_covered_display": "100", "missing_lines": 0, "excluded_lines": 0, "percent_statements_covered": 100.0, "percent_statements_covered_display": "100"}, "missing_lines": [], "excluded_lines": []}, "": {"executed_lines": [], "summary": {"covered_lines": 0, "num_statements": 10, "percent_covered": 0.0, "percent_covered_display": "0", "missing_lines": 10, "excluded_lines": 0, "percent_statements_covered": 0.0, "percent_statements_covered_display": "0"}, "missing_lines": [1, 3, 6, 7, 8, 9, 11, 12, 13, 22], "excluded_lines": []}}}, "tracker/label_helpers.py": {"executed_lines": [], "summary": {"covered_lines": 0, "num_statements": 16, "percent_covered": 0.0, "percent_covered_display": "0", "missing_lines": 16, "excluded_lines": 0, "percent_statements_covered": 0.0, "percent_statements_covered_display": "0"}, "missing_lines": [1, 3, 4, 7, 16, 17, 20, 21, 23, 24, 25, 27, 28, 29, 30, 32], "excluded_lines": [], "functions": {"label_message_and_propagate": {"executed_lines": [], "summary": {"covered_lines": 0, "num_statements": 12, "percent_covered": 0.0, "percent_covered_display": "0", "missing_lines": 12, "excluded_lines": 0, "percent_statements_covered": 0.0, "percent_statements_covered_display": "0"}, "missing_lines": [16, 17, 20, 21, 23, 24, 25, 27, 28, 29, 30, 32], "excluded_lines": []}, "": {"executed_lines": [], "summary": {"covered_lines": 0, "num_statements": 4, "percent_covered": 0.0, "percent_covered_display": "0", "missing_lines": 4, "excluded_lines": 0, "percent_statements_covered": 0.0, "percent_statements_covered_display": "0"}, "missing_lines": [1, 3, 4, 7], "excluded_lines": []}}, "classes": {"": {"executed_lines": [], "summary": {"covered_lines": 0, "num_statements": 16, "percent_covered": 0.0, "percent_covered_display": "0", "missing_lines": 16, "excluded_lines": 0, "percent_statements_covered": 0.0, "percent_statements_covered_display": "0"}, "missing_lines": [1, 3, 4, 7, 16, 17, 20, 21, 23, 24, 25, 27, 28, 29, 30, 32], "excluded_lines": []}}}, "tracker/management/__init__.py": {"executed_lines": [0], "summary": {"covered_lines": 0, "num_statements": 0, "percent_covered": 100.0, "percent_covered_display": "100", "missing_lines": 0, "excluded_lines": 0, "percent_statements_covered": 100.0, "percent_statements_covered_display": "100"}, "missing_lines": [], "excluded_lines": [], "functions": {"": {"executed_lines": [], "summary": {"covered_lines": 0, "num_statements": 0, "percent_covered": 100.0, "percent_covered_display": "100", "missing_lines": 0, "excluded_lines": 0, "percent_statements_covered": 100.0, "percent_statements_covered_display": "100"}, "missing_lines": [], "excluded_lines": []}}, "classes": {"": {"executed_lines": [], "summary": {"covered_lines": 0, "num_statements": 0, "percent_covered": 100.0, "percent_covered_display": "100", "missing_lines": 0, "excluded_lines": 0, "percent_statements_covered": 100.0, "percent_statements_covered_display": "100"}, "missing_lines": [], "excluded_lines": []}}}, "tracker/management/commands/__init__.py": {"executed_lines": [], "summary": {"covered_lines": 0, "num_statements": 0, "percent_covered": 100.0, "percent_covered_display": "100", "missing_lines": 0, "excluded_lines": 0, "percent_statements_covered": 100.0, "percent_statements_covered_display": "100"}, "missing_lines": [], "excluded_lines": [], "functions": {"": {"executed_lines": [], "summary": {"covered_lines": 0, "num_statements": 0, "percent_covered": 100.0, "percent_covered_display": "100", "missing_lines": 0, "excluded_lines": 0, "percent_statements_covered": 100.0, "percent_statements_covered_display": "100"}, "missing_lines": [], "excluded_lines": []}}, "classes": {"": {"executed_lines": [], "summary": {"covered_lines": 0, "num_statements": 0, "percent_covered": 100.0, "percent_covered_display": "100", "missing_lines": 0, "excluded_lines": 0, "percent_statements_covered": 100.0, "percent_statements_covered_display": "100"}, "missing_lines": [], "excluded_lines": []}}}, "tracker/management/commands/archive_audit_logs.py": {"executed_lines": [], "summary": {"covered_lines": 0, "num_statements": 76, "percent_covered": 0.0, "percent_covered_display": "0", "missing_lines": 76, "excluded_lines": 0, "percent_statements_covered": 0.0, "percent_statements_covered_display": "0"}, "missing_lines": [13, 15, 16, 17, 18, 19, 20, 21, 22, 23, 25, 28, 29, 30, 31, 32, 33, 36, 37, 39, 40, 41, 42, 43, 44, 45, 47, 48, 49, 50, 51, 52, 53, 55, 57, 58, 60, 62, 63, 65, 66, 69, 70, 72, 73, 75, 76, 77, 79, 81, 82, 84, 85, 86, 89, 91, 92, 94, 95, 96, 98, 99, 100, 102, 103, 105, 106, 107, 108, 109, 110, 112, 113, 114, 115, 117], "excluded_lines": [], "functions": {"_is_older_than": {"executed_lines": [], "summary": {"covered_lines": 0, "num_statements": 5, "percent_covered": 0.0, "percent_covered_display": "0", "missing_lines": 5, "excluded_lines": 0, "percent_statements_covered": 0.0, "percent_statements_covered_display": "0"}, "missing_lines": [29, 30, 31, 32, 33], "excluded_lines": []}, "Command.add_arguments": {"executed_lines": [], "summary": {"covered_lines": 0, "num_statements": 6, "percent_covered": 0.0, "percent_covered_display": "0", "missing_lines": 6, "excluded_lines": 0, "percent_statements_covered": 0.0, "percent_statements_covered_display": "0"}, "missing_lines": [40, 41, 42, 43, 44, 45], "excluded_lines": []}, "Command.handle": {"executed_lines": [], "summary": {"covered_lines": 0, "num_statements": 49, "percent_covered": 0.0, "percent_covered_display": "0", "missing_lines": 49, "excluded_lines": 0, "percent_statements_covered": 0.0, "percent_statements_covered_display": "0"}, "missing_lines": [48, 49, 50, 51, 52, 53, 55, 57, 58, 60, 62, 63, 65, 66, 69, 70, 72, 73, 75, 76, 77, 79, 81, 82, 84, 85, 86, 89, 91, 92, 94, 95, 96, 98, 99, 100, 102, 103, 105, 106, 107, 108, 109, 110, 112, 113, 114, 115, 117], "excluded_lines": []}, "": {"executed_lines": [], "summary": {"covered_lines": 0, "num_statements": 16, "percent_covered": 0.0, "percent_covered_display": "0", "missing_lines": 16, "excluded_lines": 0, "percent_statements_covered": 0.0, "percent_statements_covered_display": "0"}, "missing_lines": [13, 15, 16, 17, 18, 19, 20, 21, 22, 23, 25, 28, 36, 37, 39, 47], "excluded_lines": []}}, "classes": {"Command": {"executed_lines": [], "summary": {"covered_lines": 0, "num_statements": 55, "percent_covered": 0.0, "percent_covered_display": "0", "missing_lines": 55, "excluded_lines": 0, "percent_statements_covered": 0.0, "percent_statements_covered_display": "0"}, "missing_lines": [40, 41, 42, 43, 44, 45, 48, 49, 50, 51, 52, 53, 55, 57, 58, 60, 62, 63, 65, 66, 69, 70, 72, 73, 75, 76, 77, 79, 81, 82, 84, 85, 86, 89, 91, 92, 94, 95, 96, 98, 99, 100, 102, 103, 105, 106, 107, 108, 109, 110, 112, 113, 114, 115, 117], "excluded_lines": []}, "": {"executed_lines": [], "summary": {"covered_lines": 0, "num_statements": 21, "percent_covered": 0.0, "percent_covered_display": "0", "missing_lines": 21, "excluded_lines": 0, "percent_statements_covered": 0.0, "percent_statements_covered_display": "0"}, "missing_lines": [13, 15, 16, 17, 18, 19, 20, 21, 22, 23, 25, 28, 29, 30, 31, 32, 33, 36, 37, 39, 47], "excluded_lines": []}}}, "tracker/management/commands/audit_false_positive_rejections.py": {"executed_lines": [], "summary": {"covered_lines": 0, "num_statements": 89, "percent_covered": 0.0, "percent_covered_display": "0", "missing_lines": 89, "excluded_lines": 0, "percent_statements_covered": 0.0, "percent_statements_covered_display": "0"}, "missing_lines": [1, 2, 3, 4, 6, 7, 9, 12, 13, 14, 15, 16, 17, 18, 19, 20, 23, 24, 25, 26, 27, 30, 31, 32, 33, 34, 37, 38, 42, 54, 55, 56, 57, 58, 59, 60, 61, 62, 65, 66, 68, 69, 70, 71, 72, 79, 80, 81, 82, 83, 85, 86, 87, 89, 90, 91, 93, 94, 95, 96, 97, 99, 100, 101, 103, 108, 109, 112, 113, 114, 115, 116, 127, 128, 129, 130, 131, 132, 134, 135, 136, 138, 139, 140, 141, 145, 146, 147, 148], "excluded_lines": [], "functions": {"load_patterns_with_legacy_rejection": {"executed_lines": [], "summary": {"covered_lines": 0, "num_statements": 8, "percent_covered": 0.0, "percent_covered_display": "0", "missing_lines": 8, "excluded_lines": 0, "percent_statements_covered": 0.0, "percent_statements_covered_display": "0"}, "missing_lines": [13, 14, 15, 16, 17, 18, 19, 20], "excluded_lines": []}, "compile_patterns": {"executed_lines": [], "summary": {"covered_lines": 0, "num_statements": 4, "percent_covered": 0.0, "percent_covered_display": "0", "missing_lines": 4, "excluded_lines": 0, "percent_statements_covered": 0.0, "percent_statements_covered_display": "0"}, "missing_lines": [24, 25, 26, 27], "excluded_lines": []}, "_html_to_text": {"executed_lines": [], "summary": {"covered_lines": 0, "num_statements": 4, "percent_covered": 0.0, "percent_covered_display": "0", "missing_lines": 4, "excluded_lines": 0, "percent_statements_covered": 0.0, "percent_statements_covered_display": "0"}, "missing_lines": [31, 32, 33, 34], "excluded_lines": []}, "legacy_rule_label": {"executed_lines": [], "summary": {"covered_lines": 0, "num_statements": 11, "percent_covered": 0.0, "percent_covered_display": "0", "missing_lines": 11, "excluded_lines": 0, "percent_statements_covered": 0.0, "percent_statements_covered_display": "0"}, "missing_lines": [38, 42, 54, 55, 56, 57, 58, 59, 60, 61, 62], "excluded_lines": []}, "Command.add_arguments": {"executed_lines": [], "summary": {"covered_lines": 0, "num_statements": 4, "percent_covered": 0.0, "percent_covered_display": "0", "missing_lines": 4, "excluded_lines": 0, "percent_statements_covered": 0.0, "percent_statements_covered_display": "0"}, "missing_lines": [69, 70, 71, 72], "excluded_lines": []}, "Command.handle": {"executed_lines": [], "summary": {"covered_lines": 0, "num_statements": 43, "percent_covered": 0.0, "percent_covered_display": "0", "missing_lines": 43, "excluded_lines": 0, "percent_statements_covered": 0.0, "percent_statements_covered_display": "0"}, "missing_lines": [80, 81, 82, 83, 85, 86, 87, 89, 90, 91, 93, 94, 95, 96, 97, 99, 100, 101, 103, 108, 109, 112, 113, 114, 115, 116, 127, 128, 129, 130, 131, 132, 134, 135, 136, 138, 139, 140, 141, 145, 146, 147, 148], "excluded_lines": []}, "": {"executed_lines": [], "summary": {"covered_lines": 0, "num_statements": 15, "percent_covered": 0.0, "percent_covered_display": "0", "missing_lines": 15, "excluded_lines": 0, "percent_statements_covered": 0.0, "percent_statements_covered_display": "0"}, "missing_lines": [1, 2, 3, 4, 6, 7, 9, 12, 23, 30, 37, 65, 66, 68, 79], "excluded_lines": []}}, "classes": {"Command": {"executed_lines": [], "summary": {"covered_lines": 0, "num_statements": 47, "percent_covered": 0.0, "percent_covered_display": "0", "missing_lines": 47, "excluded_lines": 0, "percent_statements_covered": 0.0, "percent_statements_covered_display": "0"}, "missing_lines": [69, 70, 71, 72, 80, 81, 82, 83, 85, 86, 87, 89, 90, 91, 93, 94, 95, 96, 97, 99, 100, 101, 103, 108, 109, 112, 113, 114, 115, 116, 127, 128, 129, 130, 131, 132, 134, 135, 136, 138, 139, 140, 141, 145, 146, 147, 148], "excluded_lines": []}, "": {"executed_lines": [], "summary": {"covered_lines": 0, "num_statements": 42, "percent_covered": 0.0, "percent_covered_display": "0", "missing_lines": 42, "excluded_lines": 0, "percent_statements_covered": 0.0, "percent_statements_covered_display": "0"}, "missing_lines": [1, 2, 3, 4, 6, 7, 9, 12, 13, 14, 15, 16, 17, 18, 19, 20, 23, 24, 25, 26, 27, 30, 31, 32, 33, 34, 37, 38, 42, 54, 55, 56, 57, 58, 59, 60, 61, 62, 65, 66, 68, 79], "excluded_lines": []}}}, "tracker/management/commands/audit_interview_flags.py": {"executed_lines": [], "summary": {"covered_lines": 0, "num_statements": 101, "percent_covered": 0.0, "percent_covered_display": "0", "missing_lines": 101, "excluded_lines": 0, "percent_statements_covered": 0.0, "percent_statements_covered_display": "0"}, "missing_lines": [1, 2, 3, 4, 6, 7, 10, 11, 15, 16, 22, 30, 35, 44, 45, 46, 47, 48, 49, 50, 51, 52, 53, 54, 55, 56, 57, 59, 60, 61, 62, 64, 67, 68, 69, 70, 71, 72, 73, 74, 75, 76, 78, 79, 80, 81, 83, 86, 87, 89, 90, 91, 92, 93, 94, 97, 98, 99, 100, 101, 103, 104, 105, 107, 109, 124, 126, 128, 137, 138, 140, 141, 142, 144, 145, 147, 149, 150, 151, 154, 155, 156, 166, 167, 169, 171, 172, 173, 174, 175, 176, 177, 178, 179, 180, 182, 183, 184, 185, 186, 188], "excluded_lines": [], "functions": {"Command.add_arguments": {"executed_lines": [], "summary": {"covered_lines": 0, "num_statements": 4, "percent_covered": 0.0, "percent_covered_display": "0", "missing_lines": 4, "excluded_lines": 0, "percent_statements_covered": 0.0, "percent_statements_covered_display": "0"}, "missing_lines": [16, 22, 30, 35], "excluded_lines": []}, "Command.handle": {"executed_lines": [], "summary": {"covered_lines": 0, "num_statements": 87, "percent_covered": 0.0, "percent_covered_display": "0", "missing_lines": 87, "excluded_lines": 0, "percent_statements_covered": 0.0, "percent_statements_covered_display": "0"}, "missing_lines": [45, 46, 47, 48, 49, 50, 51, 52, 53, 54, 55, 56, 57, 59, 60, 61, 62, 64, 67, 68, 69, 70, 71, 72, 73, 74, 75, 76, 78, 79, 80, 81, 83, 86, 87, 89, 90, 91, 92, 93, 94, 97, 98, 99, 100, 101, 103, 104, 105, 107, 109, 124, 126, 128, 137, 138, 140, 141, 142, 144, 145, 147, 149, 150, 151, 154, 155, 156, 166, 167, 169, 171, 172, 173, 174, 175, 176, 177, 178, 179, 180, 182, 183, 184, 185, 186, 188], "excluded_lines": []}, "": {"executed_lines": [], "summary": {"covered_lines": 0, "num_statements": 10, "percent_covered": 0.0, "percent_covered_display": "0", "missing_lines": 10, "excluded_lines": 0, "percent_statements_covered": 0.0, "percent_statements_covered_display": "0"}, "missing_lines": [1, 2, 3, 4, 6, 7, 10, 11, 15, 44], "excluded_lines": []}}, "classes": {"Command": {"executed_lines": [], "summary": {"covered_lines": 0, "num_statements": 91, "percent_covered": 0.0, "percent_covered_display": "0", "missing_lines": 91, "excluded_lines": 0, "percent_statements_covered": 0.0, "percent_statements_covered_display": "0"}, "missing_lines": [16, 22, 30, 35, 45, 46, 47, 48, 49, 50, 51, 52, 53, 54, 55, 56, 57, 59, 60, 61, 62, 64, 67, 68, 69, 70, 71, 72, 73, 74, 75, 76, 78, 79, 80, 81, 83, 86, 87, 89, 90, 91, 92, 93, 94, 97, 98, 99, 100, 101, 103, 104, 105, 107, 109, 124, 126, 128, 137, 138, 140, 141, 142, 144, 145, 147, 149, 150, 151, 154, 155, 156, 166, 167, 169, 171, 172, 173, 174, 175, 176, 177, 178, 179, 180, 182, 183, 184, 185, 186, 188], "excluded_lines": []}, "": {"executed_lines": [], "summary": {"covered_lines": 0, "num_statements": 10, "percent_covered": 0.0, "percent_covered_display": "0", "missing_lines": 10, "excluded_lines": 0, "percent_statements_covered": 0.0, "percent_statements_covered_display": "0"}, "missing_lines": [1, 2, 3, 4, 6, 7, 10, 11, 15, 44], "excluded_lines": []}}}, "tracker/management/commands/audit_labels.py": {"executed_lines": [], "summary": {"covered_lines": 0, "num_statements": 95, "percent_covered": 0.0, "percent_covered_display": "0", "missing_lines": 95, "excluded_lines": 0, "percent_statements_covered": 0.0, "percent_statements_covered_display": "0"}, "missing_lines": [1, 2, 4, 5, 7, 10, 11, 17, 18, 23, 28, 29, 35, 36, 37, 38, 39, 41, 42, 44, 45, 47, 49, 51, 52, 53, 54, 56, 57, 58, 59, 60, 61, 62, 63, 64, 65, 66, 75, 77, 79, 80, 81, 82, 83, 84, 85, 86, 87, 88, 89, 91, 92, 93, 95, 96, 97, 98, 99, 101, 102, 103, 104, 105, 107, 108, 109, 110, 111, 112, 113, 114, 115, 117, 118, 119, 120, 121, 122, 124, 125, 126, 127, 129, 130, 131, 132, 134, 135, 136, 137, 138, 139, 140, 141], "excluded_lines": [], "functions": {"Command.add_arguments": {"executed_lines": [], "summary": {"covered_lines": 0, "num_statements": 4, "percent_covered": 0.0, "percent_covered_display": "0", "missing_lines": 4, "excluded_lines": 0, "percent_statements_covered": 0.0, "percent_statements_covered_display": "0"}, "missing_lines": [18, 23, 28, 29], "excluded_lines": []}, "Command.handle": {"executed_lines": [], "summary": {"covered_lines": 0, "num_statements": 10, "percent_covered": 0.0, "percent_covered_display": "0", "missing_lines": 10, "excluded_lines": 0, "percent_statements_covered": 0.0, "percent_statements_covered_display": "0"}, "missing_lines": [36, 37, 38, 39, 41, 42, 44, 45, 47, 49], "excluded_lines": []}, "Command._export_reviewed": {"executed_lines": [], "summary": {"covered_lines": 0, "num_statements": 15, "percent_covered": 0.0, "percent_covered_display": "0", "missing_lines": 15, "excluded_lines": 0, "percent_statements_covered": 0.0, "percent_statements_covered_display": "0"}, "missing_lines": [52, 53, 54, 56, 57, 58, 59, 60, 61, 62, 63, 64, 65, 66, 75], "excluded_lines": []}, "Command._compare_against_csv": {"executed_lines": [], "summary": {"covered_lines": 0, "num_statements": 43, "percent_covered": 0.0, "percent_covered_display": "0", "missing_lines": 43, "excluded_lines": 0, "percent_statements_covered": 0.0, "percent_statements_covered_display": "0"}, "missing_lines": [79, 80, 81, 82, 83, 84, 85, 86, 87, 88, 89, 91, 92, 93, 95, 96, 97, 98, 99, 101, 102, 103, 104, 105, 107, 108, 109, 110, 111, 112, 113, 114, 115, 117, 118, 119, 120, 121, 122, 124, 125, 126, 127], "excluded_lines": []}, "Command._print_label_stats": {"executed_lines": [], "summary": {"covered_lines": 0, "num_statements": 11, "percent_covered": 0.0, "percent_covered_display": "0", "missing_lines": 11, "excluded_lines": 0, "percent_statements_covered": 0.0, "percent_statements_covered_display": "0"}, "missing_lines": [130, 131, 132, 134, 135, 136, 137, 138, 139, 140, 141], "excluded_lines": []}, "": {"executed_lines": [], "summary": {"covered_lines": 0, "num_statements": 12, "percent_covered": 0.0, "percent_covered_display": "0", "missing_lines": 12, "excluded_lines": 0, "percent_statements_covered": 0.0, "percent_statements_covered_display": "0"}, "missing_lines": [1, 2, 4, 5, 7, 10, 11, 17, 35, 51, 77, 129], "excluded_lines": []}}, "classes": {"Command": {"executed_lines": [], "summary": {"covered_lines": 0, "num_statements": 83, "percent_covered": 0.0, "percent_covered_display": "0", "missing_lines": 83, "excluded_lines": 0, "percent_statements_covered": 0.0, "percent_statements_covered_display": "0"}, "missing_lines": [18, 23, 28, 29, 36, 37, 38, 39, 41, 42, 44, 45, 47, 49, 52, 53, 54, 56, 57, 58, 59, 60, 61, 62, 63, 64, 65, 66, 75, 79, 80, 81, 82, 83, 84, 85, 86, 87, 88, 89, 91, 92, 93, 95, 96, 97, 98, 99, 101, 102, 103, 104, 105, 107, 108, 109, 110, 111, 112, 113, 114, 115, 117, 118, 119, 120, 121, 122, 124, 125, 126, 127, 130, 131, 132, 134, 135, 136, 137, 138, 139, 140, 141], "excluded_lines": []}, "": {"executed_lines": [], "summary": {"covered_lines": 0, "num_statements": 12, "percent_covered": 0.0, "percent_covered_display": "0", "missing_lines": 12, "excluded_lines": 0, "percent_statements_covered": 0.0, "percent_statements_covered_display": "0"}, "missing_lines": [1, 2, 4, 5, 7, 10, 11, 17, 35, 51, 77, 129], "excluded_lines": []}}}, "tracker/management/commands/check_threadtracking_health.py": {"executed_lines": [], "summary": {"covered_lines": 0, "num_statements": 105, "percent_covered": 0.0, "percent_covered_display": "0", "missing_lines": 105, "excluded_lines": 0, "percent_statements_covered": 0.0, "percent_statements_covered_display": "0"}, "missing_lines": [13, 15, 16, 17, 18, 20, 21, 22, 24, 27, 28, 30, 31, 32, 37, 43, 44, 45, 46, 48, 49, 51, 52, 55, 60, 61, 62, 63, 64, 65, 66, 68, 69, 72, 73, 74, 75, 78, 84, 95, 98, 99, 100, 101, 102, 103, 104, 105, 107, 108, 109, 110, 113, 114, 116, 119, 120, 121, 122, 125, 128, 129, 132, 133, 134, 136, 138, 139, 140, 141, 142, 143, 144, 145, 146, 147, 149, 150, 151, 152, 153, 154, 155, 156, 157, 158, 159, 160, 161, 163, 179, 180, 181, 183, 184, 186, 187, 188, 189, 190, 191, 192, 193, 200, 202], "excluded_lines": [], "functions": {"Command.add_arguments": {"executed_lines": [], "summary": {"covered_lines": 0, "num_statements": 3, "percent_covered": 0.0, "percent_covered_display": "0", "missing_lines": 3, "excluded_lines": 0, "percent_statements_covered": 0.0, "percent_statements_covered_display": "0"}, "missing_lines": [31, 32, 37], "excluded_lines": []}, "Command.handle": {"executed_lines": [], "summary": {"covered_lines": 0, "num_statements": 46, "percent_covered": 0.0, "percent_covered_display": "0", "missing_lines": 46, "excluded_lines": 0, "percent_statements_covered": 0.0, "percent_statements_covered_display": "0"}, "missing_lines": [44, 45, 46, 48, 49, 51, 52, 55, 60, 61, 62, 63, 64, 65, 66, 68, 69, 72, 73, 74, 75, 78, 84, 95, 98, 99, 100, 101, 102, 103, 104, 105, 107, 108, 109, 110, 113, 114, 116, 119, 120, 121, 122, 125, 128, 129], "excluded_lines": []}, "Command._td": {"executed_lines": [], "summary": {"covered_lines": 0, "num_statements": 2, "percent_covered": 0.0, "percent_covered_display": "0", "missing_lines": 2, "excluded_lines": 0, "percent_statements_covered": 0.0, "percent_statements_covered_display": "0"}, "missing_lines": [134, 136], "excluded_lines": []}, "Command._load_headhunter_domains": {"executed_lines": [], "summary": {"covered_lines": 0, "num_statements": 8, "percent_covered": 0.0, "percent_covered_display": "0", "missing_lines": 8, "excluded_lines": 0, "percent_statements_covered": 0.0, "percent_statements_covered_display": "0"}, "missing_lines": [140, 141, 142, 143, 144, 145, 146, 147], "excluded_lines": []}, "Command._autofix_create_tt": {"executed_lines": [], "summary": {"covered_lines": 0, "num_statements": 17, "percent_covered": 0.0, "percent_covered_display": "0", "missing_lines": 17, "excluded_lines": 0, "percent_statements_covered": 0.0, "percent_statements_covered_display": "0"}, "missing_lines": [151, 152, 153, 154, 155, 156, 157, 158, 159, 160, 161, 163, 179, 180, 181, 183, 184], "excluded_lines": []}, "Command._write_log": {"executed_lines": [], "summary": {"covered_lines": 0, "num_statements": 8, "percent_covered": 0.0, "percent_covered_display": "0", "missing_lines": 8, "excluded_lines": 0, "percent_statements_covered": 0.0, "percent_statements_covered_display": "0"}, "missing_lines": [188, 189, 190, 191, 192, 193, 200, 202], "excluded_lines": []}, "": {"executed_lines": [], "summary": {"covered_lines": 0, "num_statements": 21, "percent_covered": 0.0, "percent_covered_display": "0", "missing_lines": 21, "excluded_lines": 0, "percent_statements_covered": 0.0, "percent_statements_covered_display": "0"}, "missing_lines": [13, 15, 16, 17, 18, 20, 21, 22, 24, 27, 28, 30, 43, 132, 133, 138, 139, 149, 150, 186, 187], "excluded_lines": []}}, "classes": {"Command": {"executed_lines": [], "summary": {"covered_lines": 0, "num_statements": 84, "percent_covered": 0.0, "percent_covered_display": "0", "missing_lines": 84, "excluded_lines": 0, "percent_statements_covered": 0.0, "percent_statements_covered_display": "0"}, "missing_lines": [31, 32, 37, 44, 45, 46, 48, 49, 51, 52, 55, 60, 61, 62, 63, 64, 65, 66, 68, 69, 72, 73, 74, 75, 78, 84, 95, 98, 99, 100,
[...]
missing_lines": [3659, 3660, 3661, 3662, 3663, 3664, 3665], "excluded_lines": []}, "manage_domains": {"executed_lines": [], "summary": {"covered_lines": 0, "num_statements": 373, "percent_covered": 0.0, "percent_covered_display": "0", "missing_lines": 373, "excluded_lines": 0, "percent_statements_covered": 0.0, "percent_statements_covered_display": "0"}, "missing_lines": [3884, 3887, 3888, 3891, 3892, 3893, 3894, 3896, 3897, 3898, 3899, 3901, 3902, 3903, 3904, 3905, 3908, 3909, 3910, 3911, 3913, 3915, 3916, 3917, 3918, 3921, 3926, 3938, 3939, 3942, 3943, 3946, 3947, 3950, 3951, 3952, 3953, 3956, 3957, 3960, 3961, 3962, 3963, 3964, 3967, 3968, 3969, 3971, 3972, 3974, 3978, 3980, 3981, 3982, 3984, 3986, 3987, 3990, 3991, 3992, 3993, 3994, 3995, 3997, 3998, 4001, 4002, 4003, 4004, 4005, 4006, 4007, 4008, 4009, 4010, 4011, 4012, 4013, 4014, 4015, 4018, 4019, 4021, 4023, 4024, 4027, 4028, 4029, 4030, 4031, 4032, 4033, 4034, 4035, 4036, 4037, 4038, 4039, 4040, 4041, 4043, 4044, 4045, 4047, 4048, 4050, 4051, 4052, 4054, 4055, 4056, 4059, 4060, 4061, 4062, 4063, 4064, 4065, 4066, 4068, 4069, 4077, 4078, 4079, 4080, 4081, 4083, 4084, 4085, 4086, 4089, 4090, 4092, 4094, 4095, 4096, 4097, 4100, 4101, 4102, 4103, 4104, 4106, 4115, 4120, 4121, 4122, 4124, 4125, 4126, 4127, 4128, 4129, 4131, 4133, 4134, 4135, 4136, 4137, 4138, 4139, 4142, 4143, 4144, 4145, 4146, 4147, 4148, 4149, 4150, 4152, 4153, 4155, 4156, 4157, 4161, 4162, 4163, 4164, 4165, 4166, 4168, 4170, 4175, 4178, 4183, 4185, 4186, 4187, 4188, 4190, 4191, 4196, 4197, 4200, 4201, 4202, 4203, 4205, 4206, 4208, 4214, 4215, 4216, 4219, 4220, 4221, 4223, 4225, 4227, 4230, 4231, 4232, 4234, 4235, 4236, 4237, 4238, 4240, 4241, 4242, 4243, 4245, 4246, 4247, 4248, 4250, 4251, 4252, 4253, 4254, 4255, 4258, 4259, 4260, 4261, 4262, 4263, 4264, 4265, 4266, 4268, 4269, 4271, 4275, 4276, 4277, 4278, 4279, 4280, 4282, 4284, 4289, 4292, 4297, 4299, 4300, 4301, 4302, 4304, 4305, 4310, 4311, 4314, 4315, 4316, 4317, 4319, 4320, 4322, 4328, 4329, 4330, 4333, 4334, 4335, 4337, 4339, 4341, 4344, 4345, 4346, 4348, 4349, 4350, 4351, 4352, 4353, 4355, 4356, 4357, 4358, 4362, 4363, 4364, 4365, 4366, 4367, 4369, 4370, 4371, 4372, 4373, 4376, 4377, 4378, 4380, 4381, 4382, 4384, 4385, 4387, 4388, 4389, 4390, 4393, 4396, 4397, 4400, 4401, 4403, 4406, 4407, 4410, 4411, 4413, 4414, 4416, 4417, 4418, 4419, 4420, 4421, 4422, 4423, 4424, 4425, 4426, 4428, 4437, 4438, 4439, 4440, 4443, 4444, 4447, 4448, 4449, 4450, 4451, 4452, 4453, 4454, 4455, 4456, 4457, 4458, 4462, 4463, 4464, 4465, 4466, 4467, 4468, 4471, 4472, 4473, 4475, 4476, 4479, 4480, 4490, 4499], "excluded_lines": []}, "": {"executed_lines": [], "summary": {"covered_lines": 0, "num_statements": 91, "percent_covered": 0.0, "percent_covered_display": "0", "missing_lines": 91, "excluded_lines": 0, "percent_statements_covered": 0.0, "percent_statements_covered_display": "0"}, "missing_lines": [15, 16, 17, 18, 19, 20, 22, 23, 24, 25, 26, 27, 28, 29, 30, 31, 33, 39, 40, 53, 54, 57, 58, 59, 60, 62, 64, 65, 66, 67, 68, 76, 77, 80, 81, 303, 304, 330, 331, 489, 490, 567, 568, 947, 948, 1018, 1020, 1021, 1022, 1023, 1026, 1137, 1138, 1165, 1166, 1208, 1209, 1222, 1223, 1247, 1248, 1272, 1285, 1295, 1296, 1408, 1409, 2113, 2126, 2147, 2148, 2843, 2844, 2936, 2937, 2938, 2962, 3001, 3059, 3091, 3092, 3470, 3471, 3532, 3533, 3576, 3597, 3652, 3653, 3878, 3879], "excluded_lines": []}}, "classes": {"": {"executed_lines": [], "summary": {"covered_lines": 0, "num_statements": 2263, "percent_covered": 0.0, "percent_covered_display": "0", "missing_lines": 2263, "excluded_lines": 0, "percent_statements_covered": 0.0, "percent_statements_covered_display": "0"}, "missing_lines": [15, 16, 17, 18, 19, 20, 22, 23, 24, 25, 26, 27, 28, 29, 30, 31, 33, 39, 40, 53, 54, 57, 58, 59, 60, 62, 64, 65, 66, 67, 68, 76, 77, 80, 81, 89, 90, 91, 92, 93, 94, 95, 96, 97, 98, 99, 100, 101, 102, 103, 105, 106, 107, 109, 111, 112, 113, 114, 116, 117, 118, 119, 120, 121, 122, 125, 126, 127, 128, 129, 130, 132, 133, 134, 135, 136, 137, 138, 139, 140, 142, 143, 144, 145, 148, 151, 158, 159, 160, 161, 164, 165, 166, 168, 169, 171, 172, 174, 178, 181, 182, 183, 184, 185, 186, 187, 188, 189, 190, 191, 194, 195, 196, 197, 198, 199, 200, 201, 202, 203, 204, 205, 206, 208, 209, 210, 213, 214, 215, 216, 217, 218, 219, 221, 222, 225, 228, 229, 230, 231, 232, 234, 236, 237, 238, 239, 240, 241, 242, 243, 244, 245, 246, 247, 248, 251, 252, 253, 254, 255, 256, 261, 262, 263, 264, 268, 270, 272, 284, 285, 286, 287, 300, 303, 304, 306, 307, 308, 309, 310, 311, 312, 313, 314, 316, 317, 318, 320, 322, 324, 326, 330, 331, 339, 340, 341, 347, 349, 350, 351, 352, 353, 354, 355, 356, 357, 358, 359, 360, 361, 362, 363, 365, 366, 367, 368, 369, 370, 371, 374, 375, 377, 378, 380, 381, 382, 383, 384, 387, 388, 389, 393, 394, 396, 397, 398, 399, 400, 402, 403, 404, 405, 406, 407, 412, 413, 414, 415, 416, 417, 419, 420, 421, 442, 443, 457, 459, 460, 461, 462, 463, 464, 465, 478, 479, 480, 485, 489, 490, 492, 493, 494, 495, 499, 501, 502, 505, 506, 509, 510, 513, 514, 516, 519, 520, 521, 526, 532, 533, 534, 541, 542, 546, 550, 551, 555, 556, 561, 562, 563, 567, 568, 571, 572, 573, 574, 575, 584, 585, 588, 590, 593, 594, 595, 597, 598, 601, 603, 604, 605, 606, 607, 609, 611, 612, 613, 618, 619, 621, 626, 627, 628, 629, 630, 631, 632, 633, 634, 635, 636, 637, 639, 640, 641, 642, 643, 644, 645, 648, 649, 650, 651, 652, 656, 658, 663, 665, 666, 670, 671, 672, 676, 677, 680, 685, 687, 691, 692, 693, 694, 695, 696, 697, 699, 700, 701, 702, 704, 705, 706, 710, 713, 714, 715, 716, 717, 720, 721, 722, 723, 724, 727, 731, 733, 734, 735, 737, 738, 739, 741, 742, 743, 744, 745, 747, 748, 749, 751, 754, 755, 756, 757, 769, 770, 772, 773, 784, 785, 786, 788, 789, 790, 792, 793, 794, 803, 804, 805, 806, 815, 816, 817, 818, 821, 822, 823, 825, 826, 827, 828, 831, 832, 833, 835, 836, 837, 838, 840, 845, 846, 847, 849, 852, 854, 855, 860, 861, 862, 863, 867, 868, 870, 871, 872, 874, 875, 876, 877, 880, 881, 882, 883, 884, 887, 890, 891, 892, 893, 896, 897, 898, 899, 902, 903, 904, 905, 906, 908, 911, 917, 918, 919, 920, 921, 925, 929, 930, 943, 947, 948, 950, 951, 952, 953, 955, 956, 957, 959, 960, 963, 965, 966, 967, 968, 971, 975, 980, 983, 984, 985, 986, 989, 990, 992, 997, 998, 999, 1000, 1002, 1005, 1006, 1007, 1011, 1013, 1014, 1015, 1018, 1020, 1021, 1022, 1023, 1026, 1029, 1031, 1032, 1033, 1034, 1035, 1036, 1037, 1042, 1043, 1046, 1054, 1055, 1056, 1060, 1064, 1065, 1071, 1072, 1074, 1075, 1076, 1078, 1081, 1086, 1087, 1089, 1090, 1091, 1092, 1096, 1101, 1102, 1104, 1105, 1107, 1110, 1123, 1124, 1137, 1138, 1140, 1141, 1143, 1144, 1145, 1146, 1147, 1148, 1149, 1150, 1154, 1155, 1156, 1157, 1162, 1165, 1166, 1169, 1174, 1176, 1177, 1178, 1179, 1180, 1181, 1182, 1183, 1184, 1186, 1190, 1191, 1192, 1194, 1200, 1205, 1208, 1209, 1211, 1212, 1213, 1215, 1216, 1218, 1219, 1222, 1223, 1225, 1226, 1227, 1230, 1231, 1232, 1234, 1236, 1237, 1238, 1239, 1241, 1242, 1244, 1247, 1248, 1250, 1251, 1254, 1255, 1256, 1258, 1260, 1261, 1263, 1264, 1266, 1267, 1269, 1272, 1274, 1275, 1276, 1277, 1278, 1279, 1281, 1282, 1285, 1287, 1292, 1295, 1296, 1298, 1299, 1300, 1302, 1303, 1304, 1305, 1306, 1307, 1308, 1309, 1313, 1315, 1316, 1318, 1319, 1320, 1321, 1322, 1323, 1326, 1334, 1336, 1337, 1340, 1346, 1347, 1350, 1366, 1367, 1368, 1370, 1385, 1389, 1391, 1394, 1400, 1404, 1405, 1408, 1409, 1418, 1419, 1420, 1425, 1426, 1427, 1428, 1429, 1430, 1431, 1433, 1436, 1441, 1442, 1443, 1444, 1445, 1446, 1447, 1452, 1453, 1456, 1457, 1458, 1459, 1462, 1463, 1465, 1468, 1469, 1470, 1473, 1480, 1481, 1482, 1483, 1486, 1487, 1488, 1489, 1490, 1491, 1492, 1493, 1494, 1495, 1499, 1503, 1508, 1509, 1510, 1511, 1516, 1518, 1524, 1534, 1535, 1536, 1537, 1538, 1539, 1540, 1542, 1543, 1544, 1545, 1547, 1550, 1551, 1553, 1554, 1555, 1556, 1557, 1561, 1563, 1565, 1566, 1568, 1588, 1590, 1591, 1592, 1593, 1595, 1596, 1597, 1598, 1599, 1601, 1603, 1605, 1606, 1607, 1616, 1619, 1641, 1642, 1643, 1644, 1648, 1649, 1650, 1651, 1653, 1654, 1655, 1657, 1658, 1665, 1667, 1668, 1671, 1672, 1678, 1679, 1680, 1681, 1682, 1684, 1685, 1687, 1690, 1694, 1695, 1697, 1698, 1699, 1700, 1701, 1702, 1703, 1705, 1706, 1707, 1708, 1709, 1712, 1718, 1720, 1721, 1724, 1725, 1726, 1727, 1728, 1729, 1730, 1731, 1734, 1737, 1742, 1745, 1746, 1747, 1748, 1749, 1751, 1752, 1753, 1754, 1755, 1757, 1758, 1759, 1760, 1761, 1766, 1769, 1770, 1771, 1772, 1773, 1775, 1776, 1777, 1778, 1779, 1780, 1781, 1782, 1785, 1786, 1789, 1795, 1796, 1798, 1808, 1811, 1812, 1813, 1814, 1815, 1816, 1817, 1818, 1825, 1826, 1827, 1828, 1830, 1831, 1832, 1834, 1835, 1842, 1843, 1847, 1855, 1856, 1859, 1860, 1865, 1868, 1869, 1870, 1871, 1872, 1873, 1874, 1875, 1876, 1877, 1878, 1881, 1887, 1898, 1899, 1900, 1904, 1905, 1909, 1910, 1911, 1912, 1913, 1914, 1915, 1919, 1928, 1929, 1932, 1933, 1938, 1940, 1941, 1949, 1950, 1958, 1969, 1979, 1980, 1983, 1984, 1988, 2000, 2006, 2009, 2013, 2014, 2015, 2016, 2017, 2018, 2019, 2020, 2021, 2022, 2023, 2027, 2029, 2030, 2038, 2048, 2049, 2050, 2051, 2054, 2055, 2056, 2057, 2058, 2059, 2060, 2061, 2062, 2064, 2065, 2067, 2068, 2069, 2070, 2073, 2075, 2109, 2110, 2113, 2115, 2118, 2119, 2122, 2123, 2126, 2128, 2129, 2130, 2131, 2132, 2133, 2134, 2135, 2136, 2137, 2138, 2140, 2142, 2143, 2144, 2147, 2148, 2150, 2153, 2154, 2156, 2158, 2159, 2160, 2161, 2163, 2164, 2165, 2167, 2168, 2169, 2170, 2171, 2172, 2173, 2175, 2176, 2179, 2180, 2181, 2182, 2185, 2186, 2187, 2188, 2191, 2192, 2193, 2194, 2195, 2196, 2197, 2198, 2199, 2202, 2203, 2204, 2205, 2206, 2209, 2210, 2211, 2212, 2213, 2214, 2215, 2216, 2219, 2220, 2221, 2222, 2223, 2224, 2225, 2226, 2228, 2229, 2230, 2232, 2234, 2235, 2236, 2238, 2239, 2240, 2241, 2243, 2244, 2245, 2248, 2249, 2250, 2251, 2252, 2253, 2256, 2257, 2258, 2262, 2273, 2274, 2276, 2277, 2280, 2281, 2286, 2288, 2289, 2290, 2292, 2293, 2294, 2295, 2297, 2299, 2300, 2301, 2302, 2303, 2305, 2306, 2307, 2308, 2310, 2311, 2315, 2316, 2317, 2318, 2320, 2322, 2324, 2326, 2327, 2331, 2337, 2338, 2340, 2341, 2344, 2345, 2350, 2355, 2357, 2359, 2361, 2362, 2363, 2365, 2366, 2367, 2369, 2370, 2371, 2372, 2375, 2376, 2377, 2378, 2379, 2380, 2381, 2384, 2385, 2386, 2387, 2398, 2399, 2401, 2402, 2413, 2414, 2415, 2416, 2417, 2418, 2420, 2421, 2422, 2432, 2433, 2434, 2435, 2438, 2439, 2441, 2444, 2450, 2451, 2454, 2455, 2463, 2464, 2465, 2466, 2467, 2470, 2471, 2472, 2473, 2474, 2475, 2479, 2480, 2481, 2482, 2483, 2484, 2485, 2488, 2489, 2490, 2493, 2494, 2495, 2496, 2497, 2498, 2499, 2502, 2504, 2505, 2506, 2507, 2508, 2509, 2511, 2512, 2513, 2514, 2515, 2516, 2517, 2518, 2520, 2521, 2525, 2526, 2529, 2530, 2532, 2535, 2537, 2539, 2541, 2543, 2546, 2551, 2552, 2554, 2556, 2562, 2564, 2567, 2568, 2571, 2572, 2573, 2574, 2577, 2578, 2584, 2585, 2587, 2589, 2590, 2591, 2593, 2594, 2597, 2598, 2599, 2600, 2602, 2605, 2607, 2608, 2610, 2613, 2614, 2615, 2616, 2617, 2618, 2621, 2622, 2623, 2624, 2625, 2631, 2632, 2633, 2634, 2635, 2638, 2639, 2646, 2647, 2652, 2656, 2657, 2658, 2663, 2666, 2667, 2668, 2670, 2671, 2679, 2680, 2684, 2685, 2689, 2690, 2694, 2696, 2701, 2702, 2704, 2707, 2708, 2709, 2711, 2712, 2713, 2714, 2716, 2721, 2725, 2726, 2727, 2730, 2731, 2732, 2734, 2737, 2738, 2739, 2740, 2741, 2742, 2743, 2744, 2746, 2748, 2749, 2751, 2753, 2754, 2755, 2757, 2760, 2761, 2762, 2765, 2766, 2769, 2773, 2774, 2775, 2776, 2777, 2779, 2780, 2781, 2782, 2785, 2800, 2810, 2812, 2840, 2843, 2844, 2846, 2847, 2848, 2849, 2850, 2851, 2852, 2853, 2854, 2856, 2857, 2858, 2859, 2860, 2861, 2862, 2863, 2866, 2867, 2868, 2869, 2870, 2871, 2872, 2873, 2874, 2875, 2879, 2883, 2888, 2889, 2890, 2891, 2894, 2909, 2910, 2911, 2914, 2917, 2924, 2933, 2936, 2937, 2938, 2940, 2941, 2942, 2943, 2949, 2951, 2952, 2953, 2954, 2955, 2959, 2962, 2967, 2968, 2971, 2972, 2976, 2983, 2984, 2985, 2988, 2989, 2990, 2991, 2994, 2995, 2996, 2998, 3001, 3007, 3008, 3011, 3013, 3014, 3017, 3018, 3021, 3032, 3033, 3034, 3035, 3038, 3039, 3042, 3043, 3046, 3047, 3048, 3049, 3051, 3054, 3056, 3059, 3064, 3065, 3067, 3070, 3071, 3075, 3079, 3082, 3083, 3086, 3088, 3091, 3092, 3095, 3096, 3098, 3099, 3100, 3103, 3104, 3105, 3107, 3108, 3110, 3113, 3126, 3129, 3131, 3132, 3133, 3136, 3139, 3140, 3142, 3146, 3147, 3148, 3149, 3152, 3155, 3157, 3158, 3159, 3162, 3165, 3167, 3168, 3169, 3170, 3171, 3175, 3179, 3180, 3183, 3191, 3194, 3196, 3197, 3198, 3200, 3203, 3204, 3206, 3207, 3210, 3211, 3214, 3215, 3216, 3218, 3221, 3222, 3224, 3226, 3228, 3231, 3232, 3234, 3235, 3236, 3239, 3242, 3243, 3245, 3249, 3250, 3253, 3254, 3258, 3259, 3260, 3262, 3263, 3264, 3266, 3267, 3268, 3271, 3272, 3273, 3276, 3279, 3282, 3283, 3286, 3288, 3290, 3291, 3294, 3295, 3297, 3298, 3299, 3302, 3303, 3304, 3306, 3308, 3309, 3312, 3315, 3317, 3318, 3319, 3322, 3323, 3324, 3326, 3328, 3329, 3332, 3333, 3335, 3336, 3337, 3339, 3340, 3342, 3343, 3344, 3347, 3352, 3353, 3355, 3359, 3361, 3365, 3369, 3373, 3374, 3377, 3378, 3380, 3381, 3382, 3384, 3385, 3386, 3388, 3389, 3390, 3393, 3396, 3400, 3401, 3403, 3407, 3408, 3411, 3420, 3421, 3422, 3423, 3426, 3427, 3428, 3430, 3433, 3434, 3436, 3438, 3439, 3442, 3443, 3445, 3446, 3447, 3448, 3449, 3450, 3452, 3453, 3454, 3455, 3456, 3457, 3459, 3466, 3470, 3471, 3473, 3474, 3481, 3483, 3490, 3491, 3493, 3494, 3495, 3496, 3498, 3505, 3506, 3507, 3508, 3509, 3510, 3512, 3513, 3522, 3523, 3524, 3525, 3526, 3527, 3529, 3532, 3533, 3535, 3536, 3537, 3538, 3540, 3548, 3549, 3550, 3551, 3552, 3553, 3555, 3556, 3557, 3558, 3566, 3567, 3568, 3569, 3570, 3571, 3573, 3576, 3578, 3581, 3582, 3583, 3584, 3585, 3586, 3587, 3588, 3589, 3591, 3597, 3608, 3609, 3610, 3611, 3612, 3613, 3614, 3615, 3616, 3617, 3619, 3620, 3626, 3627, 3628, 3629, 3630, 3631, 3632, 3633, 3634, 3635, 3636, 3637, 3638, 3640, 3641, 3642, 3643, 3652, 3653, 3655, 3658, 3659, 3660, 3661, 3662, 3663, 3664, 3665, 3667, 3679, 3680, 3681, 3684, 3685, 3687, 3688, 3692, 3694, 3695, 3696, 3697, 3699, 3700, 3701, 3702, 3704, 3705, 3708, 3709, 3710, 3712, 3713, 3714, 3715, 3719, 3725, 3726, 3732, 3735, 3738, 3739, 3740, 3741, 3742, 3743, 3745, 3750, 3751, 3753, 3754, 3772, 3773, 3774, 3775, 3776, 3777, 3779, 3780, 3781, 3782, 3783, 3784, 3785, 3786, 3787, 3789, 3790, 3799, 3800, 3813, 3814, 3815, 3816, 3817, 3818, 3819, 3820, 3821, 3822, 3825, 3826, 3827, 3830, 3836, 3837, 3838, 3839, 3840, 3841, 3842, 3843, 3844, 3845, 3847, 3849, 3852, 3853, 3856, 3857, 3860, 3861, 3862, 3866, 3867, 3868, 3870, 3875, 3878, 3879, 3884, 3887, 3888, 3891, 3892, 3893, 3894, 3896, 3897, 3898, 3899, 3901, 3902, 3903, 3904, 3905, 3908, 3909, 3910, 3911, 3913, 3915, 3916, 3917, 3918, 3921, 3926, 3938, 3939, 3942, 3943, 3946, 3947, 3950, 3951, 3952, 3953, 3956, 3957, 3960, 3961, 3962, 3963, 3964, 3967, 3968, 3969, 3971, 3972, 3974, 3978, 3980, 3981, 3982, 3984, 3986, 3987, 3990, 3991, 3992, 3993, 3994, 3995, 3997, 3998, 4001, 4002, 4003, 4004, 4005, 4006, 4007, 4008, 4009, 4010, 4011, 4012, 4013, 4014, 4015, 4018, 4019, 4021, 4023, 4024, 4027, 4028, 4029, 4030, 4031, 4032, 4033, 4034, 4035, 4036, 4037, 4038, 4039, 4040, 4041, 4043, 4044, 4045, 4047, 4048, 4050, 4051, 4052, 4054, 4055, 4056, 4059, 4060, 4061, 4062, 4063, 4064, 4065, 4066, 4068, 4069, 4077, 4078, 4079, 4080, 4081, 4083, 4084, 4085, 4086, 4089, 4090, 4092, 4094, 4095, 4096, 4097, 4100, 4101, 4102, 4103, 4104, 4106, 4115, 4120, 4121, 4122, 4124, 4125, 4126, 4127, 4128, 4129, 4131, 4133, 4134, 4135, 4136, 4137, 4138, 4139, 4142, 4143, 4144, 4145, 4146, 4147, 4148, 4149, 4150, 4152, 4153, 4155, 4156, 4157, 4161, 4162, 4163, 4164, 4165, 4166, 4168, 4170, 4175, 4178, 4183, 4185, 4186, 4187, 4188, 4190, 4191, 4196, 4197, 4200, 4201, 4202, 4203, 4205, 4206, 4208, 4214, 4215, 4216, 4219, 4220, 4221, 4223, 4225, 4227, 4230, 4231, 4232, 4234, 4235, 4236, 4237, 4238, 4240, 4241, 4242, 4243, 4245, 4246, 4247, 4248, 4250, 4251, 4252, 4253, 4254, 4255, 4258, 4259, 4260, 4261, 4262, 4263, 4264, 4265, 4266, 4268, 4269, 4271, 4275, 4276, 4277, 4278, 4279, 4280, 4282, 4284, 4289, 4292, 4297, 4299, 4300, 4301, 4302, 4304, 4305, 4310, 4311, 4314, 4315, 4316, 4317, 4319, 4320, 4322, 4328, 4329, 4330, 4333, 4334, 4335, 4337, 4339, 4341, 4344, 4345, 4346, 4348, 4349, 4350, 4351, 4352, 4353, 4355, 4356, 4357, 4358, 4362, 4363, 4364, 4365, 4366, 4367, 4369, 4370, 4371, 4372, 4373, 4376, 4377, 4378, 4380, 4381, 4382, 4384, 4385, 4387, 4388, 4389, 4390, 4393, 4396, 4397, 4400, 4401, 4403, 4406, 4407, 4410, 4411, 4413, 4414, 4416, 4417, 4418, 4419, 4420, 4421, 4422, 4423, 4424, 4425, 4426, 4428, 4437, 4438, 4439, 4440, 4443, 4444, 4447, 4448, 4449, 4450, 4451, 4452, 4453, 4454, 4455, 4456, 4457, 4458, 4462, 4463, 4464, 4465, 4466, 4467, 4468, 4471, 4472, 4473, 4475, 4476, 4479, 4480, 4490, 4499], "excluded_lines": []}}}, "tracker/views_manage_domains.py": {"executed_lines": [], "summary": {"covered_lines": 0, "num_statements": 130, "percent_covered": 0.0, "percent_covered_display": "0", "missing_lines": 130, "excluded_lines": 0, "percent_statements_covered": 0.0, "percent_statements_covered_display": "0"}, "missing_lines": [2, 3, 8, 9, 12, 13, 16, 17, 18, 19, 21, 22, 23, 24, 26, 27, 28, 29, 32, 33, 34, 36, 37, 38, 39, 40, 41, 43, 45, 46, 47, 48, 49, 50, 53, 54, 55, 56, 57, 58, 59, 62, 63, 65, 66, 69, 70, 71, 73, 74, 75, 76, 77, 79, 80, 81, 82, 84, 85, 86, 87, 89, 90, 91, 92, 93, 96, 97, 98, 99, 100, 101, 102, 103, 104, 107, 108, 109, 111, 112, 113, 114, 115, 117, 118, 119, 120, 123, 124, 125, 127, 128, 129, 131, 132, 133, 135, 136, 139, 140, 143, 144, 146, 147, 149, 150, 151, 152, 153, 154, 155, 156, 157, 159, 168, 171, 172, 173, 174, 175, 176, 177, 178, 179, 180, 181, 185, 186, 195, 200], "excluded_lines": [], "functions": {"manage_domains": {"executed_lines": [], "summary": {"covered_lines": 0, "num_statements": 128, "percent_covered": 0.0, "percent_covered_display": "0", "missing_lines": 128, "excluded_lines": 0, "percent_statements_covered": 0.0, "percent_statements_covered_display": "0"}, "missing_lines": [8, 9, 12, 13, 16, 17, 18, 19, 21, 22, 23, 24, 26, 27, 28, 29, 32, 33, 34, 36, 37, 38, 39, 40, 41, 43, 45, 46, 47, 48, 49, 50, 53, 54, 55, 56, 57, 58, 59, 62, 63, 65, 66, 69, 70, 71, 73, 74, 75, 76, 77, 79, 80, 81, 82, 84, 85, 86, 87, 89, 90, 91, 92, 93, 96, 97, 98, 99, 100, 101, 102, 103, 104, 107, 108, 109, 111, 112, 113, 114, 115, 117, 118, 119, 120, 123, 124, 125, 127, 128, 129, 131, 132, 133, 135, 136, 139, 140, 143, 144, 146, 147, 149, 150, 151, 152, 153, 154, 155, 156, 157, 159, 168, 171, 172, 173, 174, 175, 176, 177, 178, 179, 180, 181, 185, 186, 195, 200], "excluded_lines": []}, "": {"executed_lines": [], "summary": {"covered_lines": 0, "num_statements": 2, "percent_covered": 0.0, "percent_covered_display": "0", "missing_lines": 2, "excluded_lines": 0, "percent_statements_covered": 0.0, "percent_statements_covered_display": "0"}, "missing_lines": [2, 3], "excluded_lines": []}}, "classes": {"": {"executed_lines": [], "summary": {"covered_lines": 0, "num_statements": 130, "percent_covered": 0.0, "percent_covered_display": "0", "missing_lines": 130, "excluded_lines": 0, "percent_statements_covered": 0.0, "percent_statements_covered_display": "0"}, "missing_lines": [2, 3, 8, 9, 12, 13, 16, 17, 18, 19, 21, 22, 23, 24, 26, 27, 28, 29, 32, 33, 34, 36, 37, 38, 39, 40, 41, 43, 45, 46, 47, 48, 49, 50, 53, 54, 55, 56, 57, 58, 59, 62, 63, 65, 66, 69, 70, 71, 73, 74, 75, 76, 77, 79, 80, 81, 82, 84, 85, 86, 87, 89, 90, 91, 92, 93, 96, 97, 98, 99, 100, 101, 102, 103, 104, 107, 108, 109, 111, 112, 113, 114, 115, 117, 118, 119, 120, 123, 124, 125, 127, 128, 129, 131, 132, 133, 135, 136, 139, 140, 143, 144, 146, 147, 149, 150, 151, 152, 153, 154, 155, 156, 157, 159, 168, 171, 172, 173, 174, 175, 176, 177, 178, 179, 180, 181, 185, 186, 195, 200], "excluded_lines": []}}}}, "totals": {"covered_lines": 890, "num_statements": 7142, "percent_covered": 12.461495379445534, "percent_covered_display": "12", "missing_lines": 6252, "excluded_lines": 0, "percent_statements_covered": 12.461495379445534, "percent_statements_covered_display": "12"}}